0 info it worked if it ends with ok
1 verbose cli [ '/usr/bin/node', '/usr/bin/npm', 'install', 'cookie-session' ]
2 info using npm@3.5.2
3 info using node@v8.10.0
4 silly loadCurrentTree Starting
5 silly install loadCurrentTree
6 silly install readLocalPackageData
7 silly fetchPackageMetaData cookie-session
8 silly fetchNamedPackageData cookie-session
9 silly mapToRegistry name cookie-session
10 silly mapToRegistry using default registry
11 silly mapToRegistry registry https://registry.npmjs.org/
12 silly mapToRegistry uri https://registry.npmjs.org/cookie-session
13 verbose request uri https://registry.npmjs.org/cookie-session
14 verbose request no auth needed
15 info attempt registry request try #1 at 5:39:27 p.m.
16 verbose request id 65c3f34f2dbb5261
17 http request GET https://registry.npmjs.org/cookie-session
18 http 200 https://registry.npmjs.org/cookie-session
19 verbose headers { date: 'Sun, 09 Sep 2018 00:39:27 GMT',
19 verbose headers   'content-type': 'application/json; charset=UTF-8',
19 verbose headers   'transfer-encoding': 'chunked',
19 verbose headers   connection: 'keep-alive',
19 verbose headers   'set-cookie':
19 verbose headers    [ '__cfduid=d21856394a017da0a83fb6bda2058c6d31536453567; expires=Mon, 09-Sep-19 00:39:27 GMT; path=/; domain=.registry.npmjs.org; HttpOnly' ],
19 verbose headers   'cf-cache-status': 'HIT',
19 verbose headers   'cache-control': 'max-age=300',
19 verbose headers   'cf-ray': '4575990ebfe57967-SEA',
19 verbose headers   etag: 'W/"5573c7b0b1ef4935065a0475c632950d"',
19 verbose headers   'expect-ct': 'max-age=604800, report-uri="https://report-uri.cloudflare.com/cdn-cgi/beacon/expect-ct"',
19 verbose headers   'last-modified': 'Sat, 26 May 2018 20:50:31 GMT',
19 verbose headers   vary: 'accept-encoding, accept',
19 verbose headers   server: 'cloudflare',
19 verbose headers   'content-encoding': 'gzip' }
20 silly get cb [ 200,
20 silly get   { date: 'Sun, 09 Sep 2018 00:39:27 GMT',
20 silly get     'content-type': 'application/json; charset=UTF-8',
20 silly get     'transfer-encoding': 'chunked',
20 silly get     connection: 'keep-alive',
20 silly get     'set-cookie':
20 silly get      [ '__cfduid=d21856394a017da0a83fb6bda2058c6d31536453567; expires=Mon, 09-Sep-19 00:39:27 GMT; path=/; domain=.registry.npmjs.org; HttpOnly' ],
20 silly get     'cf-cache-status': 'HIT',
20 silly get     'cache-control': 'max-age=300',
20 silly get     'cf-ray': '4575990ebfe57967-SEA',
20 silly get     etag: 'W/"5573c7b0b1ef4935065a0475c632950d"',
20 silly get     'expect-ct': 'max-age=604800, report-uri="https://report-uri.cloudflare.com/cdn-cgi/beacon/expect-ct"',
20 silly get     'last-modified': 'Sat, 26 May 2018 20:50:31 GMT',
20 silly get     vary: 'accept-encoding, accept',
20 silly get     server: 'cloudflare',
20 silly get     'content-encoding': 'gzip' } ]
21 verbose get saving cookie-session to /home/mw/.npm/registry.npmjs.org/cookie-session/.cache.json
22 silly install normalizeTree
23 silly loadCurrentTree Finishing
24 silly loadIdealTree Starting
25 silly install loadIdealTree
26 silly cloneCurrentTree Starting
27 silly install cloneCurrentTreeToIdealTree
28 silly cloneCurrentTree Finishing
29 silly loadShrinkwrap Starting
30 silly install loadShrinkwrap
31 silly loadShrinkwrap Finishing
32 silly loadAllDepsIntoIdealTree Starting
33 silly install loadAllDepsIntoIdealTree
34 silly resolveWithNewModule cookie-session@2.0.0-beta.3 checking installable status
35 silly cache add args [ 'cookie-session', null ]
36 verbose cache add spec cookie-session
37 silly cache add parsed spec Result {
37 silly cache add   raw: 'cookie-session',
37 silly cache add   scope: null,
37 silly cache add   name: 'cookie-session',
37 silly cache add   rawSpec: '',
37 silly cache add   spec: 'latest',
37 silly cache add   type: 'tag' }
38 silly addNamed cookie-session@latest
39 verbose addNamed "latest" is being treated as a dist-tag for cookie-session
40 info addNameTag [ 'cookie-session', 'latest' ]
41 silly mapToRegistry name cookie-session
42 silly mapToRegistry using default registry
43 silly mapToRegistry registry https://registry.npmjs.org/
44 silly mapToRegistry uri https://registry.npmjs.org/cookie-session
45 verbose addNameTag registry:https://registry.npmjs.org/cookie-session not in flight; fetching
46 verbose get https://registry.npmjs.org/cookie-session not expired, no request
47 silly addNameTag next cb for cookie-session with tag latest
48 silly addNamed cookie-session@2.0.0-beta.3
49 verbose addNamed "2.0.0-beta.3" is a plain semver version for cookie-session
50 silly mapToRegistry name cookie-session
51 silly mapToRegistry using default registry
52 silly mapToRegistry registry https://registry.npmjs.org/
53 silly mapToRegistry uri https://registry.npmjs.org/cookie-session
54 verbose addRemoteTarball https://registry.npmjs.org/cookie-session/-/cookie-session-2.0.0-beta.3.tgz not in flight; adding
55 verbose addRemoteTarball [ 'https://registry.npmjs.org/cookie-session/-/cookie-session-2.0.0-beta.3.tgz',
55 verbose addRemoteTarball   '4e446bd9f85bd7e27d3e226f4e99af12011a4386' ]
56 info retry fetch attempt 1 at 5:39:28 p.m.
57 info attempt registry request try #1 at 5:39:28 p.m.
58 http fetch GET https://registry.npmjs.org/cookie-session/-/cookie-session-2.0.0-beta.3.tgz
59 http fetch 200 https://registry.npmjs.org/cookie-session/-/cookie-session-2.0.0-beta.3.tgz
60 silly fetchAndShaCheck shasum 4e446bd9f85bd7e27d3e226f4e99af12011a4386
61 verbose addTmpTarball /tmp/npm-6367-d4d5386b/registry.npmjs.org/cookie-session/-/cookie-session-2.0.0-beta.3.tgz not in flight; adding
62 verbose addTmpTarball already have metadata; skipping unpack for cookie-session@2.0.0-beta.3
63 silly cache afterAdd cookie-session@2.0.0-beta.3
64 verbose afterAdd /home/mw/.npm/cookie-session/2.0.0-beta.3/package/package.json not in flight; writing
65 verbose afterAdd /home/mw/.npm/cookie-session/2.0.0-beta.3/package/package.json written
66 silly fetchNamedPackageData cookies
67 silly mapToRegistry name cookies
68 silly mapToRegistry using default registry
69 silly mapToRegistry registry https://registry.npmjs.org/
70 silly mapToRegistry uri https://registry.npmjs.org/cookies
71 silly fetchNamedPackageData debug
72 silly mapToRegistry name debug
73 silly mapToRegistry using default registry
74 silly mapToRegistry registry https://registry.npmjs.org/
75 silly mapToRegistry uri https://registry.npmjs.org/debug
76 silly fetchNamedPackageData on-headers
77 silly mapToRegistry name on-headers
78 silly mapToRegistry using default registry
79 silly mapToRegistry registry https://registry.npmjs.org/
80 silly mapToRegistry uri https://registry.npmjs.org/on-headers
81 verbose request uri https://registry.npmjs.org/on-headers
82 verbose request no auth needed
83 info attempt registry request try #1 at 5:39:28 p.m.
84 http request GET https://registry.npmjs.org/on-headers
85 verbose request uri https://registry.npmjs.org/cookies
86 verbose request no auth needed
87 info attempt registry request try #1 at 5:39:28 p.m.
88 http request GET https://registry.npmjs.org/cookies
89 verbose request uri https://registry.npmjs.org/debug
90 verbose request no auth needed
91 info attempt registry request try #1 at 5:39:28 p.m.
92 verbose etag W/"d6b5b4e8e6890d61851e58f71622647e"
93 verbose lastModified Thu, 02 Aug 2018 09:55:27 GMT
94 http request GET https://registry.npmjs.org/debug
95 http 200 https://registry.npmjs.org/on-headers
96 verbose headers { date: 'Sun, 09 Sep 2018 00:39:28 GMT',
96 verbose headers   'content-type': 'application/json; charset=UTF-8',
96 verbose headers   'transfer-encoding': 'chunked',
96 verbose headers   connection: 'keep-alive',
96 verbose headers   'set-cookie':
96 verbose headers    [ '__cfduid=df573391c60eb0be71d2086a7731279921536453568; expires=Mon, 09-Sep-19 00:39:28 GMT; path=/; domain=.registry.npmjs.org; HttpOnly' ],
96 verbose headers   'cf-cache-status': 'HIT',
96 verbose headers   'cache-control': 'max-age=300',
96 verbose headers   'cf-ray': '457599121b037967-SEA',
96 verbose headers   etag: 'W/"bb494faf09e3d5b13d11310a8b893ed4"',
96 verbose headers   'expect-ct': 'max-age=604800, report-uri="https://report-uri.cloudflare.com/cdn-cgi/beacon/expect-ct"',
96 verbose headers   'last-modified': 'Sun, 27 May 2018 11:10:48 GMT',
96 verbose headers   vary: 'accept-encoding, accept',
96 verbose headers   server: 'cloudflare',
96 verbose headers   'content-encoding': 'gzip' }
97 silly get cb [ 200,
97 silly get   { date: 'Sun, 09 Sep 2018 00:39:28 GMT',
97 silly get     'content-type': 'application/json; charset=UTF-8',
97 silly get     'transfer-encoding': 'chunked',
97 silly get     connection: 'keep-alive',
97 silly get     'set-cookie':
97 silly get      [ '__cfduid=df573391c60eb0be71d2086a7731279921536453568; expires=Mon, 09-Sep-19 00:39:28 GMT; path=/; domain=.registry.npmjs.org; HttpOnly' ],
97 silly get     'cf-cache-status': 'HIT',
97 silly get     'cache-control': 'max-age=300',
97 silly get     'cf-ray': '457599121b037967-SEA',
97 silly get     etag: 'W/"bb494faf09e3d5b13d11310a8b893ed4"',
97 silly get     'expect-ct': 'max-age=604800, report-uri="https://report-uri.cloudflare.com/cdn-cgi/beacon/expect-ct"',
97 silly get     'last-modified': 'Sun, 27 May 2018 11:10:48 GMT',
97 silly get     vary: 'accept-encoding, accept',
97 silly get     server: 'cloudflare',
97 silly get     'content-encoding': 'gzip' } ]
98 verbose get saving on-headers to /home/mw/.npm/registry.npmjs.org/on-headers/.cache.json
99 silly resolveWithNewModule on-headers@1.0.1 checking installable status
100 silly cache add args [ 'on-headers@~1.0.1', null ]
101 verbose cache add spec on-headers@~1.0.1
102 silly cache add parsed spec Result {
102 silly cache add   raw: 'on-headers@~1.0.1',
102 silly cache add   scope: null,
102 silly cache add   name: 'on-headers',
102 silly cache add   rawSpec: '~1.0.1',
102 silly cache add   spec: '>=1.0.1 <1.1.0',
102 silly cache add   type: 'range' }
103 silly addNamed on-headers@>=1.0.1 <1.1.0
104 verbose addNamed ">=1.0.1 <1.1.0" is a valid semver range for on-headers
105 silly addNameRange { name: 'on-headers', range: '>=1.0.1 <1.1.0', hasData: false }
106 silly mapToRegistry name on-headers
107 silly mapToRegistry using default registry
108 silly mapToRegistry registry https://registry.npmjs.org/
109 silly mapToRegistry uri https://registry.npmjs.org/on-headers
110 verbose addNameRange registry:https://registry.npmjs.org/on-headers not in flight; fetching
111 verbose get https://registry.npmjs.org/on-headers not expired, no request
112 silly addNameRange number 2 { name: 'on-headers', range: '>=1.0.1 <1.1.0', hasData: true }
113 silly addNameRange versions [ 'on-headers', [ '0.0.0', '1.0.0', '1.0.1' ] ]
114 silly addNamed on-headers@1.0.1
115 verbose addNamed "1.0.1" is a plain semver version for on-headers
116 silly mapToRegistry name on-headers
117 silly mapToRegistry using default registry
118 silly mapToRegistry registry https://registry.npmjs.org/
119 silly mapToRegistry uri https://registry.npmjs.org/on-headers
120 verbose addRemoteTarball https://registry.npmjs.org/on-headers/-/on-headers-1.0.1.tgz not in flight; adding
121 verbose addRemoteTarball [ 'https://registry.npmjs.org/on-headers/-/on-headers-1.0.1.tgz',
121 verbose addRemoteTarball   '928f5d0f470d49342651ea6794b0857c100693f7' ]
122 info retry fetch attempt 1 at 5:39:28 p.m.
123 info attempt registry request try #1 at 5:39:28 p.m.
124 http fetch GET https://registry.npmjs.org/on-headers/-/on-headers-1.0.1.tgz
125 http fetch 200 https://registry.npmjs.org/on-headers/-/on-headers-1.0.1.tgz
126 silly fetchAndShaCheck shasum 928f5d0f470d49342651ea6794b0857c100693f7
127 verbose addTmpTarball /tmp/npm-6367-d4d5386b/registry.npmjs.org/on-headers/-/on-headers-1.0.1.tgz not in flight; adding
128 verbose addTmpTarball already have metadata; skipping unpack for on-headers@1.0.1
129 silly cache afterAdd on-headers@1.0.1
130 verbose afterAdd /home/mw/.npm/on-headers/1.0.1/package/package.json not in flight; writing
131 verbose afterAdd /home/mw/.npm/on-headers/1.0.1/package/package.json written
132 http 200 https://registry.npmjs.org/cookies
133 verbose headers { date: 'Sun, 09 Sep 2018 00:39:28 GMT',
133 verbose headers   'content-type': 'application/json; charset=UTF-8',
133 verbose headers   'transfer-encoding': 'chunked',
133 verbose headers   connection: 'keep-alive',
133 verbose headers   'set-cookie':
133 verbose headers    [ '__cfduid=d117dcc260535514ad4359da483206c081536453568; expires=Mon, 09-Sep-19 00:39:28 GMT; path=/; domain=.registry.npmjs.org; HttpOnly' ],
133 verbose headers   'cf-cache-status': 'HIT',
133 verbose headers   'cache-control': 'max-age=300',
133 verbose headers   'cf-ray': '457599127b3179cd-SEA',
133 verbose headers   etag: 'W/"3044479f3a662f65e5eab8ded56f0967"',
133 verbose headers   'expect-ct': 'max-age=604800, report-uri="https://report-uri.cloudflare.com/cdn-cgi/beacon/expect-ct"',
133 verbose headers   'last-modified': 'Sat, 26 May 2018 20:50:38 GMT',
133 verbose headers   vary: 'accept-encoding, accept',
133 verbose headers   server: 'cloudflare',
133 verbose headers   'content-encoding': 'gzip' }
134 silly get cb [ 200,
134 silly get   { date: 'Sun, 09 Sep 2018 00:39:28 GMT',
134 silly get     'content-type': 'application/json; charset=UTF-8',
134 silly get     'transfer-encoding': 'chunked',
134 silly get     connection: 'keep-alive',
134 silly get     'set-cookie':
134 silly get      [ '__cfduid=d117dcc260535514ad4359da483206c081536453568; expires=Mon, 09-Sep-19 00:39:28 GMT; path=/; domain=.registry.npmjs.org; HttpOnly' ],
134 silly get     'cf-cache-status': 'HIT',
134 silly get     'cache-control': 'max-age=300',
134 silly get     'cf-ray': '457599127b3179cd-SEA',
134 silly get     etag: 'W/"3044479f3a662f65e5eab8ded56f0967"',
134 silly get     'expect-ct': 'max-age=604800, report-uri="https://report-uri.cloudflare.com/cdn-cgi/beacon/expect-ct"',
134 silly get     'last-modified': 'Sat, 26 May 2018 20:50:38 GMT',
134 silly get     vary: 'accept-encoding, accept',
134 silly get     server: 'cloudflare',
134 silly get     'content-encoding': 'gzip' } ]
135 verbose get saving cookies to /home/mw/.npm/registry.npmjs.org/cookies/.cache.json
136 silly resolveWithNewModule cookies@0.7.1 checking installable status
137 silly cache add args [ 'cookies@0.7.1', null ]
138 verbose cache add spec cookies@0.7.1
139 silly cache add parsed spec Result {
139 silly cache add   raw: 'cookies@0.7.1',
139 silly cache add   scope: null,
139 silly cache add   name: 'cookies',
139 silly cache add   rawSpec: '0.7.1',
139 silly cache add   spec: '0.7.1',
139 silly cache add   type: 'version' }
140 silly addNamed cookies@0.7.1
141 verbose addNamed "0.7.1" is a plain semver version for cookies
142 silly mapToRegistry name cookies
143 silly mapToRegistry using default registry
144 silly mapToRegistry registry https://registry.npmjs.org/
145 silly mapToRegistry uri https://registry.npmjs.org/cookies
146 verbose addNameVersion registry:https://registry.npmjs.org/cookies not in flight; fetching
147 verbose get https://registry.npmjs.org/cookies not expired, no request
148 silly mapToRegistry name cookies
149 silly mapToRegistry using default registry
150 silly mapToRegistry registry https://registry.npmjs.org/
151 silly mapToRegistry uri https://registry.npmjs.org/cookies
152 verbose addRemoteTarball https://registry.npmjs.org/cookies/-/cookies-0.7.1.tgz not in flight; adding
153 verbose addRemoteTarball [ 'https://registry.npmjs.org/cookies/-/cookies-0.7.1.tgz',
153 verbose addRemoteTarball   '7c8a615f5481c61ab9f16c833731bcb8f663b99b' ]
154 info retry fetch attempt 1 at 5:39:28 p.m.
155 info attempt registry request try #1 at 5:39:28 p.m.
156 http fetch GET https://registry.npmjs.org/cookies/-/cookies-0.7.1.tgz
157 http fetch 200 https://registry.npmjs.org/cookies/-/cookies-0.7.1.tgz
158 silly fetchAndShaCheck shasum 7c8a615f5481c61ab9f16c833731bcb8f663b99b
159 verbose addTmpTarball /tmp/npm-6367-d4d5386b/registry.npmjs.org/cookies/-/cookies-0.7.1.tgz not in flight; adding
160 verbose addTmpTarball already have metadata; skipping unpack for cookies@0.7.1
161 http 304 https://registry.npmjs.org/debug
162 verbose headers { date: 'Sun, 09 Sep 2018 00:39:28 GMT',
162 verbose headers   connection: 'keep-alive',
162 verbose headers   'set-cookie':
162 verbose headers    [ '__cfduid=d68088ebb661632e247b9d513fcbd8d9f1536453568; expires=Mon, 09-Sep-19 00:39:28 GMT; path=/; domain=.registry.npmjs.org; HttpOnly' ],
162 verbose headers   'cf-cache-status': 'HIT',
162 verbose headers   'cache-control': 'max-age=300',
162 verbose headers   'cf-ray': '45759912be45796d-SEA',
162 verbose headers   etag: '"d6b5b4e8e6890d61851e58f71622647e"',
162 verbose headers   'expect-ct': 'max-age=604800, report-uri="https://report-uri.cloudflare.com/cdn-cgi/beacon/expect-ct"',
162 verbose headers   'last-modified': 'Thu, 02 Aug 2018 09:55:27 GMT',
162 verbose headers   vary: 'accept-encoding, accept',
162 verbose headers   server: 'cloudflare' }
163 silly get cb [ 304,
163 silly get   { date: 'Sun, 09 Sep 2018 00:39:28 GMT',
163 silly get     connection: 'keep-alive',
163 silly get     'set-cookie':
163 silly get      [ '__cfduid=d68088ebb661632e247b9d513fcbd8d9f1536453568; expires=Mon, 09-Sep-19 00:39:28 GMT; path=/; domain=.registry.npmjs.org; HttpOnly' ],
163 silly get     'cf-cache-status': 'HIT',
163 silly get     'cache-control': 'max-age=300',
163 silly get     'cf-ray': '45759912be45796d-SEA',
163 silly get     etag: '"d6b5b4e8e6890d61851e58f71622647e"',
163 silly get     'expect-ct': 'max-age=604800, report-uri="https://report-uri.cloudflare.com/cdn-cgi/beacon/expect-ct"',
163 silly get     'last-modified': 'Thu, 02 Aug 2018 09:55:27 GMT',
163 silly get     vary: 'accept-encoding, accept',
163 silly get     server: 'cloudflare' } ]
164 verbose etag https://registry.npmjs.org/debug from cache
165 verbose get saving debug to /home/mw/.npm/registry.npmjs.org/debug/.cache.json
166 silly resolveWithNewModule debug@3.1.0 checking installable status
167 silly cache add args [ 'debug@3.1.0', null ]
168 verbose cache add spec debug@3.1.0
169 silly cache add parsed spec Result {
169 silly cache add   raw: 'debug@3.1.0',
169 silly cache add   scope: null,
169 silly cache add   name: 'debug',
169 silly cache add   rawSpec: '3.1.0',
169 silly cache add   spec: '3.1.0',
169 silly cache add   type: 'version' }
170 silly addNamed debug@3.1.0
171 verbose addNamed "3.1.0" is a plain semver version for debug
172 silly mapToRegistry name debug
173 silly mapToRegistry using default registry
174 silly mapToRegistry registry https://registry.npmjs.org/
175 silly mapToRegistry uri https://registry.npmjs.org/debug
176 verbose addNameVersion registry:https://registry.npmjs.org/debug not in flight; fetching
177 verbose get https://registry.npmjs.org/debug not expired, no request
178 silly cache afterAdd cookies@0.7.1
179 verbose afterAdd /home/mw/.npm/cookies/0.7.1/package/package.json not in flight; writing
180 verbose afterAdd /home/mw/.npm/cookies/0.7.1/package/package.json written
181 silly cache afterAdd debug@3.1.0
182 verbose afterAdd /home/mw/.npm/debug/3.1.0/package/package.json not in flight; writing
183 verbose afterAdd /home/mw/.npm/debug/3.1.0/package/package.json written
184 silly fetchNamedPackageData keygrip
185 silly mapToRegistry name keygrip
186 silly mapToRegistry using default registry
187 silly mapToRegistry registry https://registry.npmjs.org/
188 silly mapToRegistry uri https://registry.npmjs.org/keygrip
189 verbose request uri https://registry.npmjs.org/keygrip
190 verbose request no auth needed
191 info attempt registry request try #1 at 5:39:28 p.m.
192 http request GET https://registry.npmjs.org/keygrip
193 http 200 https://registry.npmjs.org/keygrip
194 verbose headers { date: 'Sun, 09 Sep 2018 00:39:28 GMT',
194 verbose headers   'content-type': 'application/json; charset=UTF-8',
194 verbose headers   'transfer-encoding': 'chunked',
194 verbose headers   connection: 'keep-alive',
194 verbose headers   'set-cookie':
194 verbose headers    [ '__cfduid=d117dcc260535514ad4359da483206c081536453568; expires=Mon, 09-Sep-19 00:39:28 GMT; path=/; domain=.registry.npmjs.org; HttpOnly' ],
194 verbose headers   'cf-cache-status': 'HIT',
194 verbose headers   'cache-control': 'max-age=300',
194 verbose headers   'cf-ray': '457599139be879cd-SEA',
194 verbose headers   etag: 'W/"d7cb29c387cedeef163287244da5babe"',
194 verbose headers   'expect-ct': 'max-age=604800, report-uri="https://report-uri.cloudflare.com/cdn-cgi/beacon/expect-ct"',
194 verbose headers   'last-modified': 'Sun, 27 May 2018 06:02:47 GMT',
194 verbose headers   vary: 'accept-encoding, accept',
194 verbose headers   server: 'cloudflare',
194 verbose headers   'content-encoding': 'gzip' }
195 silly get cb [ 200,
195 silly get   { date: 'Sun, 09 Sep 2018 00:39:28 GMT',
195 silly get     'content-type': 'application/json; charset=UTF-8',
195 silly get     'transfer-encoding': 'chunked',
195 silly get     connection: 'keep-alive',
195 silly get     'set-cookie':
195 silly get      [ '__cfduid=d117dcc260535514ad4359da483206c081536453568; expires=Mon, 09-Sep-19 00:39:28 GMT; path=/; domain=.registry.npmjs.org; HttpOnly' ],
195 silly get     'cf-cache-status': 'HIT',
195 silly get     'cache-control': 'max-age=300',
195 silly get     'cf-ray': '457599139be879cd-SEA',
195 silly get     etag: 'W/"d7cb29c387cedeef163287244da5babe"',
195 silly get     'expect-ct': 'max-age=604800, report-uri="https://report-uri.cloudflare.com/cdn-cgi/beacon/expect-ct"',
195 silly get     'last-modified': 'Sun, 27 May 2018 06:02:47 GMT',
195 silly get     vary: 'accept-encoding, accept',
195 silly get     server: 'cloudflare',
195 silly get     'content-encoding': 'gzip' } ]
196 verbose get saving keygrip to /home/mw/.npm/registry.npmjs.org/keygrip/.cache.json
197 silly resolveWithNewModule keygrip@1.0.2 checking installable status
198 silly cache add args [ 'keygrip@~1.0.2', null ]
199 verbose cache add spec keygrip@~1.0.2
200 silly cache add parsed spec Result {
200 silly cache add   raw: 'keygrip@~1.0.2',
200 silly cache add   scope: null,
200 silly cache add   name: 'keygrip',
200 silly cache add   rawSpec: '~1.0.2',
200 silly cache add   spec: '>=1.0.2 <1.1.0',
200 silly cache add   type: 'range' }
201 silly addNamed keygrip@>=1.0.2 <1.1.0
202 verbose addNamed ">=1.0.2 <1.1.0" is a valid semver range for keygrip
203 silly addNameRange { name: 'keygrip', range: '>=1.0.2 <1.1.0', hasData: false }
204 silly mapToRegistry name keygrip
205 silly mapToRegistry using default registry
206 silly mapToRegistry registry https://registry.npmjs.org/
207 silly mapToRegistry uri https://registry.npmjs.org/keygrip
208 verbose addNameRange registry:https://registry.npmjs.org/keygrip not in flight; fetching
209 verbose get https://registry.npmjs.org/keygrip not expired, no request
210 silly addNameRange number 2 { name: 'keygrip', range: '>=1.0.2 <1.1.0', hasData: true }
211 silly addNameRange versions [ 'keygrip',
211 silly addNameRange   [ '0.1.0',
211 silly addNameRange     '0.1.1',
211 silly addNameRange     '0.1.2',
211 silly addNameRange     '0.1.3',
211 silly addNameRange     '0.1.6',
211 silly addNameRange     '0.1.7',
211 silly addNameRange     '0.2.0',
211 silly addNameRange     '0.2.1',
211 silly addNameRange     '0.2.2',
211 silly addNameRange     '0.2.3',
211 silly addNameRange     '0.2.4',
211 silly addNameRange     '1.0.0',
211 silly addNameRange     '1.0.1',
211 silly addNameRange     '1.0.2' ] ]
212 silly addNamed keygrip@1.0.2
213 verbose addNamed "1.0.2" is a plain semver version for keygrip
214 silly mapToRegistry name keygrip
215 silly mapToRegistry using default registry
216 silly mapToRegistry registry https://registry.npmjs.org/
217 silly mapToRegistry uri https://registry.npmjs.org/keygrip
218 verbose addRemoteTarball https://registry.npmjs.org/keygrip/-/keygrip-1.0.2.tgz not in flight; adding
219 verbose addRemoteTarball [ 'https://registry.npmjs.org/keygrip/-/keygrip-1.0.2.tgz',
219 verbose addRemoteTarball   'ad3297c557069dea8bcfe7a4fa491b75c5ddeb91' ]
220 info retry fetch attempt 1 at 5:39:28 p.m.
221 info attempt registry request try #1 at 5:39:28 p.m.
222 http fetch GET https://registry.npmjs.org/keygrip/-/keygrip-1.0.2.tgz
223 http fetch 200 https://registry.npmjs.org/keygrip/-/keygrip-1.0.2.tgz
224 silly fetchAndShaCheck shasum ad3297c557069dea8bcfe7a4fa491b75c5ddeb91
225 verbose addTmpTarball /tmp/npm-6367-d4d5386b/registry.npmjs.org/keygrip/-/keygrip-1.0.2.tgz not in flight; adding
226 verbose addTmpTarball already have metadata; skipping unpack for keygrip@1.0.2
227 silly cache afterAdd keygrip@1.0.2
228 verbose afterAdd /home/mw/.npm/keygrip/1.0.2/package/package.json not in flight; writing
229 verbose afterAdd /home/mw/.npm/keygrip/1.0.2/package/package.json written
230 silly fetchNamedPackageData fsevents
231 silly mapToRegistry name fsevents
232 silly mapToRegistry using default registry
233 silly mapToRegistry registry https://registry.npmjs.org/
234 silly mapToRegistry uri https://registry.npmjs.org/fsevents
235 verbose request uri https://registry.npmjs.org/fsevents
236 verbose request no auth needed
237 info attempt registry request try #1 at 5:39:29 p.m.
238 verbose etag W/"1f6c1f25b9f645ad374c652ec54b1ad9"
239 verbose lastModified Sun, 27 May 2018 01:18:06 GMT
240 http request GET https://registry.npmjs.org/fsevents
241 http 304 https://registry.npmjs.org/fsevents
242 verbose headers { date: 'Sun, 09 Sep 2018 00:39:29 GMT',
242 verbose headers   connection: 'keep-alive',
242 verbose headers   'set-cookie':
242 verbose headers    [ '__cfduid=d7a46c585091b500619dd2c8fd501c5d71536453569; expires=Mon, 09-Sep-19 00:39:29 GMT; path=/; domain=.registry.npmjs.org; HttpOnly' ],
242 verbose headers   'cf-cache-status': 'HIT',
242 verbose headers   'cache-control': 'max-age=300',
242 verbose headers   'cf-ray': '45759916493b796d-SEA',
242 verbose headers   etag: '"1f6c1f25b9f645ad374c652ec54b1ad9"',
242 verbose headers   'expect-ct': 'max-age=604800, report-uri="https://report-uri.cloudflare.com/cdn-cgi/beacon/expect-ct"',
242 verbose headers   'last-modified': 'Sun, 27 May 2018 01:18:06 GMT',
242 verbose headers   vary: 'accept-encoding, accept',
242 verbose headers   server: 'cloudflare' }
243 silly get cb [ 304,
243 silly get   { date: 'Sun, 09 Sep 2018 00:39:29 GMT',
243 silly get     connection: 'keep-alive',
243 silly get     'set-cookie':
243 silly get      [ '__cfduid=d7a46c585091b500619dd2c8fd501c5d71536453569; expires=Mon, 09-Sep-19 00:39:29 GMT; path=/; domain=.registry.npmjs.org; HttpOnly' ],
243 silly get     'cf-cache-status': 'HIT',
243 silly get     'cache-control': 'max-age=300',
243 silly get     'cf-ray': '45759916493b796d-SEA',
243 silly get     etag: '"1f6c1f25b9f645ad374c652ec54b1ad9"',
243 silly get     'expect-ct': 'max-age=604800, report-uri="https://report-uri.cloudflare.com/cdn-cgi/beacon/expect-ct"',
243 silly get     'last-modified': 'Sun, 27 May 2018 01:18:06 GMT',
243 silly get     vary: 'accept-encoding, accept',
243 silly get     server: 'cloudflare' } ]
244 verbose etag https://registry.npmjs.org/fsevents from cache
245 verbose get saving fsevents to /home/mw/.npm/registry.npmjs.org/fsevents/.cache.json
246 silly resolveWithNewModule fsevents@1.2.4 checking installable status
247 silly loadAllDepsIntoIdealTree Finishing
248 silly idealTree:prePrune tinyapp@1.0.0
248 silly idealTree:prePrune ├── @babel/code-frame@7.0.0
248 silly idealTree:prePrune ├── @babel/highlight@7.0.0
248 silly idealTree:prePrune ├── abbrev@1.1.1
248 silly idealTree:prePrune ├── accepts@1.3.5
248 silly idealTree:prePrune ├── acorn-jsx@4.1.1
248 silly idealTree:prePrune ├── acorn@5.7.2
248 silly idealTree:prePrune ├── ajv-keywords@3.2.0
248 silly idealTree:prePrune ├── ajv@6.5.3
248 silly idealTree:prePrune ├── ansi-align@2.0.0
248 silly idealTree:prePrune ├── ansi-escapes@3.1.0
248 silly idealTree:prePrune ├── ansi-regex@3.0.0
248 silly idealTree:prePrune ├── ansi-styles@3.2.1
248 silly idealTree:prePrune ├── anymatch@2.0.0
248 silly idealTree:prePrune ├── argparse@1.0.10
248 silly idealTree:prePrune ├── arr-diff@4.0.0
248 silly idealTree:prePrune ├── arr-flatten@1.1.0
248 silly idealTree:prePrune ├── arr-union@3.1.0
248 silly idealTree:prePrune ├── array-flatten@1.1.1
248 silly idealTree:prePrune ├── array-union@1.0.2
248 silly idealTree:prePrune ├── array-uniq@1.0.3
248 silly idealTree:prePrune ├── array-unique@0.3.2
248 silly idealTree:prePrune ├── arrify@1.0.1
248 silly idealTree:prePrune ├── assign-symbols@1.0.0
248 silly idealTree:prePrune ├── async-each@1.0.1
248 silly idealTree:prePrune ├── atob@2.1.2
248 silly idealTree:prePrune ├── balanced-match@1.0.0
248 silly idealTree:prePrune ├─┬ base@0.11.2
248 silly idealTree:prePrune │ ├── define-property@1.0.0
248 silly idealTree:prePrune │ ├── is-accessor-descriptor@1.0.0
248 silly idealTree:prePrune │ ├── is-data-descriptor@1.0.0
248 silly idealTree:prePrune │ └── is-descriptor@1.0.2
248 silly idealTree:prePrune ├─┬ bcrypt@3.0.0
248 silly idealTree:prePrune │ ├── abbrev@1.1.1
248 silly idealTree:prePrune │ ├── ansi-regex@2.1.1
248 silly idealTree:prePrune │ ├── aproba@1.2.0
248 silly idealTree:prePrune │ ├── are-we-there-yet@1.1.5
248 silly idealTree:prePrune │ ├── balanced-match@1.0.0
248 silly idealTree:prePrune │ ├── brace-expansion@1.1.11
248 silly idealTree:prePrune │ ├── chownr@1.0.1
248 silly idealTree:prePrune │ ├── code-point-at@1.1.0
248 silly idealTree:prePrune │ ├── concat-map@0.0.1
248 silly idealTree:prePrune │ ├── console-control-strings@1.1.0
248 silly idealTree:prePrune │ ├── core-util-is@1.0.2
248 silly idealTree:prePrune │ ├── debug@2.6.9
248 silly idealTree:prePrune │ ├── deep-extend@0.6.0
248 silly idealTree:prePrune │ ├── delegates@1.0.0
248 silly idealTree:prePrune │ ├── detect-libc@1.0.3
248 silly idealTree:prePrune │ ├── fs-minipass@1.2.5
248 silly idealTree:prePrune │ ├── fs.realpath@1.0.0
248 silly idealTree:prePrune │ ├── gauge@2.7.4
248 silly idealTree:prePrune │ ├── glob@7.1.2
248 silly idealTree:prePrune │ ├── has-unicode@2.0.1
248 silly idealTree:prePrune │ ├── iconv-lite@0.4.23
248 silly idealTree:prePrune │ ├── ignore-walk@3.0.1
248 silly idealTree:prePrune │ ├── inflight@1.0.6
248 silly idealTree:prePrune │ ├── inherits@2.0.3
248 silly idealTree:prePrune │ ├── ini@1.3.5
248 silly idealTree:prePrune │ ├── is-fullwidth-code-point@1.0.0
248 silly idealTree:prePrune │ ├── isarray@1.0.0
248 silly idealTree:prePrune │ ├── minimatch@3.0.4
248 silly idealTree:prePrune │ ├── minimist@0.0.8
248 silly idealTree:prePrune │ ├─┬ minipass@2.3.3
248 silly idealTree:prePrune │ │ ├── safe-buffer@5.1.2
248 silly idealTree:prePrune │ │ └── yallist@3.0.2
248 silly idealTree:prePrune │ ├── minizlib@1.1.0
248 silly idealTree:prePrune │ ├── mkdirp@0.5.1
248 silly idealTree:prePrune │ ├── ms@2.0.0
248 silly idealTree:prePrune │ ├── needle@2.2.1
248 silly idealTree:prePrune │ ├── node-pre-gyp@0.10.2
248 silly idealTree:prePrune │ ├── nopt@4.0.1
248 silly idealTree:prePrune │ ├── npm-bundled@1.0.3
248 silly idealTree:prePrune │ ├── npm-packlist@1.1.10
248 silly idealTree:prePrune │ ├── npmlog@4.1.2
248 silly idealTree:prePrune │ ├── number-is-nan@1.0.1
248 silly idealTree:prePrune │ ├── object-assign@4.1.1
248 silly idealTree:prePrune │ ├── once@1.4.0
248 silly idealTree:prePrune │ ├── os-homedir@1.0.2
248 silly idealTree:prePrune │ ├── os-tmpdir@1.0.2
248 silly idealTree:prePrune │ ├── osenv@0.1.5
248 silly idealTree:prePrune │ ├── path-is-absolute@1.0.1
248 silly idealTree:prePrune │ ├── process-nextick-args@2.0.0
248 silly idealTree:prePrune │ ├─┬ rc@1.2.8
248 silly idealTree:prePrune │ │ └── minimist@1.2.0
248 silly idealTree:prePrune │ ├── readable-stream@2.3.5
248 silly idealTree:prePrune │ ├── rimraf@2.6.2
248 silly idealTree:prePrune │ ├── safe-buffer@5.1.1
248 silly idealTree:prePrune │ ├── safer-buffer@2.1.2
248 silly idealTree:prePrune │ ├── sax@1.2.4
248 silly idealTree:prePrune │ ├── semver@5.5.0
248 silly idealTree:prePrune │ ├── set-blocking@2.0.0
248 silly idealTree:prePrune │ ├── signal-exit@3.0.2
248 silly idealTree:prePrune │ ├── string_decoder@1.0.3
248 silly idealTree:prePrune │ ├── string-width@1.0.2
248 silly idealTree:prePrune │ ├── strip-ansi@3.0.1
248 silly idealTree:prePrune │ ├── strip-json-comments@2.0.1
248 silly idealTree:prePrune │ ├─┬ tar@4.4.4
248 silly idealTree:prePrune │ │ ├── safe-buffer@5.1.2
248 silly idealTree:prePrune │ │ └── yallist@3.0.2
248 silly idealTree:prePrune │ ├── util-deprecate@1.0.2
248 silly idealTree:prePrune │ ├── wide-align@1.1.3
248 silly idealTree:prePrune │ └── wrappy@1.0.2
248 silly idealTree:prePrune ├── binary-extensions@1.11.0
248 silly idealTree:prePrune ├─┬ body-parser@1.18.3
248 silly idealTree:prePrune │ └── qs@6.5.2
248 silly idealTree:prePrune ├── boxen@1.3.0
248 silly idealTree:prePrune ├── brace-expansion@1.1.11
248 silly idealTree:prePrune ├─┬ braces@2.3.2
248 silly idealTree:prePrune │ └── extend-shallow@2.0.1
248 silly idealTree:prePrune ├── bytes@3.0.0
248 silly idealTree:prePrune ├── cache-base@1.0.1
248 silly idealTree:prePrune ├── caller-path@0.1.0
248 silly idealTree:prePrune ├── callsites@0.2.0
248 silly idealTree:prePrune ├── camelcase@4.1.0
248 silly idealTree:prePrune ├── capture-stack-trace@1.0.1
248 silly idealTree:prePrune ├── chalk@2.4.1
248 silly idealTree:prePrune ├── chardet@0.7.0
248 silly idealTree:prePrune ├── chokidar@2.0.4
248 silly idealTree:prePrune ├── ci-info@1.4.0
248 silly idealTree:prePrune ├── circular-json@0.3.3
248 silly idealTree:prePrune ├─┬ class-utils@0.3.6
248 silly idealTree:prePrune │ └── define-property@0.2.5
248 silly idealTree:prePrune ├── cli-boxes@1.0.0
248 silly idealTree:prePrune ├── cli-cursor@2.1.0
248 silly idealTree:prePrune ├── cli-width@2.2.0
248 silly idealTree:prePrune ├── collection-visit@1.0.0
248 silly idealTree:prePrune ├── color-convert@1.9.3
248 silly idealTree:prePrune ├── color-name@1.1.3
248 silly idealTree:prePrune ├── component-emitter@1.2.1
248 silly idealTree:prePrune ├── concat-map@0.0.1
248 silly idealTree:prePrune ├── configstore@3.1.2
248 silly idealTree:prePrune ├── content-disposition@0.5.2
248 silly idealTree:prePrune ├── content-type@1.0.4
248 silly idealTree:prePrune ├── cookie-parser@1.4.3
248 silly idealTree:prePrune ├─┬ cookie-session@2.0.0-beta.3
248 silly idealTree:prePrune │ └── debug@3.1.0
248 silly idealTree:prePrune ├── cookie-signature@1.0.6
248 silly idealTree:prePrune ├── cookie@0.3.1
248 silly idealTree:prePrune ├── cookies@0.7.1
248 silly idealTree:prePrune ├── copy-descriptor@0.1.1
248 silly idealTree:prePrune ├── core-util-is@1.0.2
248 silly idealTree:prePrune ├── create-error-class@3.0.2
248 silly idealTree:prePrune ├── cross-spawn@5.1.0
248 silly idealTree:prePrune ├── crypto-random-string@1.0.0
248 silly idealTree:prePrune ├── debug@2.6.9
248 silly idealTree:prePrune ├── decode-uri-component@0.2.0
248 silly idealTree:prePrune ├── deep-extend@0.6.0
248 silly idealTree:prePrune ├── deep-is@0.1.3
248 silly idealTree:prePrune ├─┬ define-property@2.0.2
248 silly idealTree:prePrune │ ├── is-accessor-descriptor@1.0.0
248 silly idealTree:prePrune │ ├── is-data-descriptor@1.0.0
248 silly idealTree:prePrune │ └── is-descriptor@1.0.2
248 silly idealTree:prePrune ├─┬ del@2.2.2
248 silly idealTree:prePrune │ └── pify@2.3.0
248 silly idealTree:prePrune ├── depd@1.1.2
248 silly idealTree:prePrune ├── destroy@1.0.4
248 silly idealTree:prePrune ├── doctrine@2.1.0
248 silly idealTree:prePrune ├── dot-prop@4.2.0
248 silly idealTree:prePrune ├── duplexer@0.1.1
248 silly idealTree:prePrune ├── duplexer3@0.1.4
248 silly idealTree:prePrune ├── ee-first@1.1.1
248 silly idealTree:prePrune ├── ejs@2.6.1
248 silly idealTree:prePrune ├── encodeurl@1.0.2
248 silly idealTree:prePrune ├── escape-html@1.0.3
248 silly idealTree:prePrune ├── escape-string-regexp@1.0.5
248 silly idealTree:prePrune ├── eslint-scope@4.0.0
248 silly idealTree:prePrune ├── eslint-utils@1.3.1
248 silly idealTree:prePrune ├── eslint-visitor-keys@1.0.0
248 silly idealTree:prePrune ├─┬ eslint@5.5.0
248 silly idealTree:prePrune │ ├── cross-spawn@6.0.5
248 silly idealTree:prePrune │ └── debug@3.1.0
248 silly idealTree:prePrune ├── espree@4.0.0
248 silly idealTree:prePrune ├── esprima@4.0.1
248 silly idealTree:prePrune ├── esquery@1.0.1
248 silly idealTree:prePrune ├── esrecurse@4.2.1
248 silly idealTree:prePrune ├── estraverse@4.2.0
248 silly idealTree:prePrune ├── esutils@2.0.2
248 silly idealTree:prePrune ├── etag@1.8.1
248 silly idealTree:prePrune ├── event-stream@3.3.5
248 silly idealTree:prePrune ├── execa@0.7.0
248 silly idealTree:prePrune ├─┬ expand-brackets@2.1.4
248 silly idealTree:prePrune │ ├── define-property@0.2.5
248 silly idealTree:prePrune │ └── extend-shallow@2.0.1
248 silly idealTree:prePrune ├─┬ express@4.16.3
248 silly idealTree:prePrune │ ├── body-parser@1.18.2
248 silly idealTree:prePrune │ ├── iconv-lite@0.4.19
248 silly idealTree:prePrune │ └─┬ raw-body@2.3.2
248 silly idealTree:prePrune │   ├── depd@1.1.1
248 silly idealTree:prePrune │   ├── http-errors@1.6.2
248 silly idealTree:prePrune │   └── setprototypeof@1.0.3
248 silly idealTree:prePrune ├─┬ extend-shallow@3.0.2
248 silly idealTree:prePrune │ └── is-extendable@1.0.1
248 silly idealTree:prePrune ├─┬ external-editor@3.0.3
248 silly idealTree:prePrune │ └── iconv-lite@0.4.24
248 silly idealTree:prePrune ├─┬ extglob@2.0.4
248 silly idealTree:prePrune │ ├── define-property@1.0.0
248 silly idealTree:prePrune │ ├── extend-shallow@2.0.1
248 silly idealTree:prePrune │ ├── is-accessor-descriptor@1.0.0
248 silly idealTree:prePrune │ ├── is-data-descriptor@1.0.0
248 silly idealTree:prePrune │ └── is-descriptor@1.0.2
248 silly idealTree:prePrune ├── fast-deep-equal@2.0.1
248 silly idealTree:prePrune ├── fast-json-stable-stringify@2.0.0
248 silly idealTree:prePrune ├── fast-levenshtein@2.0.6
248 silly idealTree:prePrune ├── figures@2.0.0
248 silly idealTree:prePrune ├── file-entry-cache@2.0.0
248 silly idealTree:prePrune ├─┬ fill-range@4.0.0
248 silly idealTree:prePrune │ └── extend-shallow@2.0.1
248 silly idealTree:prePrune ├── finalhandler@1.1.1
248 silly idealTree:prePrune ├── flat-cache@1.3.0
248 silly idealTree:prePrune ├── for-in@1.0.2
248 silly idealTree:prePrune ├── forwarded@0.1.2
248 silly idealTree:prePrune ├── fragment-cache@0.2.1
248 silly idealTree:prePrune ├── fresh@0.5.2
248 silly idealTree:prePrune ├── from@0.1.7
248 silly idealTree:prePrune ├── fs.realpath@1.0.0
248 silly idealTree:prePrune ├── functional-red-black-tree@1.0.1
248 silly idealTree:prePrune ├── get-stream@3.0.0
248 silly idealTree:prePrune ├── get-value@2.0.6
248 silly idealTree:prePrune ├─┬ glob-parent@3.1.0
248 silly idealTree:prePrune │ └── is-glob@3.1.0
248 silly idealTree:prePrune ├── glob@7.1.3
248 silly idealTree:prePrune ├── global-dirs@0.1.1
248 silly idealTree:prePrune ├── globals@11.7.0
248 silly idealTree:prePrune ├─┬ globby@5.0.0
248 silly idealTree:prePrune │ └── pify@2.3.0
248 silly idealTree:prePrune ├── got@6.7.1
248 silly idealTree:prePrune ├── graceful-fs@4.1.11
248 silly idealTree:prePrune ├── has-flag@3.0.0
248 silly idealTree:prePrune ├── has-value@1.0.0
248 silly idealTree:prePrune ├─┬ has-values@1.0.0
248 silly idealTree:prePrune │ └── kind-of@4.0.0
248 silly idealTree:prePrune ├── http-errors@1.6.3
248 silly idealTree:prePrune ├── iconv-lite@0.4.23
248 silly idealTree:prePrune ├── ignore-by-default@1.0.1
248 silly idealTree:prePrune ├── ignore@4.0.6
248 silly idealTree:prePrune ├── import-lazy@2.1.0
248 silly idealTree:prePrune ├── imurmurhash@0.1.4
248 silly idealTree:prePrune ├── inflight@1.0.6
248 silly idealTree:prePrune ├── inherits@2.0.3
248 silly idealTree:prePrune ├── ini@1.3.5
248 silly idealTree:prePrune ├── inquirer@6.2.0
248 silly idealTree:prePrune ├── ipaddr.js@1.8.0
248 silly idealTree:prePrune ├─┬ is-accessor-descriptor@0.1.6
248 silly idealTree:prePrune │ └── kind-of@3.2.2
248 silly idealTree:prePrune ├── is-binary-path@1.0.1
248 silly idealTree:prePrune ├── is-buffer@1.1.6
248 silly idealTree:prePrune ├── is-ci@1.2.0
248 silly idealTree:prePrune ├─┬ is-data-descriptor@0.1.4
248 silly idealTree:prePrune │ └── kind-of@3.2.2
248 silly idealTree:prePrune ├─┬ is-descriptor@0.1.6
248 silly idealTree:prePrune │ └── kind-of@5.1.0
248 silly idealTree:prePrune ├── is-extendable@0.1.1
248 silly idealTree:prePrune ├── is-extglob@2.1.1
248 silly idealTree:prePrune ├── is-fullwidth-code-point@2.0.0
248 silly idealTree:prePrune ├── is-glob@4.0.0
248 silly idealTree:prePrune ├── is-installed-globally@0.1.0
248 silly idealTree:prePrune ├── is-npm@1.0.0
248 silly idealTree:prePrune ├─┬ is-number@3.0.0
248 silly idealTree:prePrune │ └── kind-of@3.2.2
248 silly idealTree:prePrune ├── is-obj@1.0.1
248 silly idealTree:prePrune ├── is-path-cwd@1.0.0
248 silly idealTree:prePrune ├── is-path-in-cwd@1.0.1
248 silly idealTree:prePrune ├── is-path-inside@1.0.1
248 silly idealTree:prePrune ├── is-plain-object@2.0.4
248 silly idealTree:prePrune ├── is-promise@2.1.0
248 silly idealTree:prePrune ├── is-redirect@1.0.0
248 silly idealTree:prePrune ├── is-resolvable@1.1.0
248 silly idealTree:prePrune ├── is-retry-allowed@1.1.0
248 silly idealTree:prePrune ├── is-stream@1.1.0
248 silly idealTree:prePrune ├── is-windows@1.0.2
248 silly idealTree:prePrune ├── isarray@1.0.0
248 silly idealTree:prePrune ├── isexe@2.0.0
248 silly idealTree:prePrune ├── isobject@3.0.1
248 silly idealTree:prePrune ├── js-tokens@4.0.0
248 silly idealTree:prePrune ├── js-yaml@3.12.0
248 silly idealTree:prePrune ├── json-schema-traverse@0.4.1
248 silly idealTree:prePrune ├── json-stable-stringify-without-jsonify@1.0.1
248 silly idealTree:prePrune ├── keygrip@1.0.2
248 silly idealTree:prePrune ├── kind-of@6.0.2
248 silly idealTree:prePrune ├── latest-version@3.1.0
248 silly idealTree:prePrune ├── levn@0.3.0
248 silly idealTree:prePrune ├── lodash.debounce@4.0.8
248 silly idealTree:prePrune ├── lodash@4.17.10
248 silly idealTree:prePrune ├── lowercase-keys@1.0.1
248 silly idealTree:prePrune ├── lru-cache@4.1.3
248 silly idealTree:prePrune ├── make-dir@1.3.0
248 silly idealTree:prePrune ├── map-cache@0.2.2
248 silly idealTree:prePrune ├── map-stream@0.0.7
248 silly idealTree:prePrune ├── map-visit@1.0.0
248 silly idealTree:prePrune ├── media-typer@0.3.0
248 silly idealTree:prePrune ├── merge-descriptors@1.0.1
248 silly idealTree:prePrune ├── methods@1.1.2
248 silly idealTree:prePrune ├── micromatch@3.1.10
248 silly idealTree:prePrune ├── mime-db@1.36.0
248 silly idealTree:prePrune ├── mime-types@2.1.20
248 silly idealTree:prePrune ├── mime@1.4.1
248 silly idealTree:prePrune ├── mimic-fn@1.2.0
248 silly idealTree:prePrune ├── minimatch@3.0.4
248 silly idealTree:prePrune ├── minimist@1.2.0
248 silly idealTree:prePrune ├─┬ mixin-deep@1.3.1
248 silly idealTree:prePrune │ └── is-extendable@1.0.1
248 silly idealTree:prePrune ├─┬ mkdirp@0.5.1
248 silly idealTree:prePrune │ └── minimist@0.0.8
248 silly idealTree:prePrune ├── ms@2.0.0
248 silly idealTree:prePrune ├── mute-stream@0.0.7
248 silly idealTree:prePrune ├── nan@2.10.0
248 silly idealTree:prePrune ├── nanomatch@1.2.13
248 silly idealTree:prePrune ├── natural-compare@1.4.0
248 silly idealTree:prePrune ├── negotiator@0.6.1
248 silly idealTree:prePrune ├── nice-try@1.0.5
248 silly idealTree:prePrune ├─┬ nodemon@1.18.4
248 silly idealTree:prePrune │ └── debug@3.1.0
248 silly idealTree:prePrune ├── nopt@1.0.10
248 silly idealTree:prePrune ├── normalize-path@2.1.1
248 silly idealTree:prePrune ├── npm-run-path@2.0.2
248 silly idealTree:prePrune ├── object-assign@4.1.1
248 silly idealTree:prePrune ├─┬ object-copy@0.1.0
248 silly idealTree:prePrune │ ├── define-property@0.2.5
248 silly idealTree:prePrune │ └── kind-of@3.2.2
248 silly idealTree:prePrune ├── object-visit@1.0.1
248 silly idealTree:prePrune ├── object.pick@1.3.0
248 silly idealTree:prePrune ├── on-finished@2.3.0
248 silly idealTree:prePrune ├── on-headers@1.0.1
248 silly idealTree:prePrune ├── once@1.4.0
248 silly idealTree:prePrune ├── onetime@2.0.1
248 silly idealTree:prePrune ├── optionator@0.8.2
248 silly idealTree:prePrune ├── os-tmpdir@1.0.2
248 silly idealTree:prePrune ├── p-finally@1.0.0
248 silly idealTree:prePrune ├── package-json@4.0.1
248 silly idealTree:prePrune ├── parseurl@1.3.2
248 silly idealTree:prePrune ├── pascalcase@0.1.1
248 silly idealTree:prePrune ├── path-dirname@1.0.2
248 silly idealTree:prePrune ├── path-is-absolute@1.0.1
248 silly idealTree:prePrune ├── path-is-inside@1.0.2
248 silly idealTree:prePrune ├── path-key@2.0.1
248 silly idealTree:prePrune ├── path-to-regexp@0.1.7
248 silly idealTree:prePrune ├── pause-stream@0.0.11
248 silly idealTree:prePrune ├── pify@3.0.0
248 silly idealTree:prePrune ├── pinkie-promise@2.0.1
248 silly idealTree:prePrune ├── pinkie@2.0.4
248 silly idealTree:prePrune ├── pluralize@7.0.0
248 silly idealTree:prePrune ├── posix-character-classes@0.1.1
248 silly idealTree:prePrune ├── prelude-ls@1.1.2
248 silly idealTree:prePrune ├── prepend-http@1.0.4
248 silly idealTree:prePrune ├── process-nextick-args@2.0.0
248 silly idealTree:prePrune ├── progress@2.0.0
248 silly idealTree:prePrune ├── proxy-addr@2.0.4
248 silly idealTree:prePrune ├── ps-tree@1.1.0
248 silly idealTree:prePrune ├── pseudomap@1.0.2
248 silly idealTree:prePrune ├── pstree.remy@1.1.0
248 silly idealTree:prePrune ├── punycode@2.1.1
248 silly idealTree:prePrune ├── qs@6.5.1
248 silly idealTree:prePrune ├── range-parser@1.2.0
248 silly idealTree:prePrune ├── raw-body@2.3.3
248 silly idealTree:prePrune ├── rc@1.2.8
248 silly idealTree:prePrune ├── readable-stream@2.3.6
248 silly idealTree:prePrune ├── readdirp@2.1.0
248 silly idealTree:prePrune ├── regex-not@1.0.2
248 silly idealTree:prePrune ├── regexpp@2.0.0
248 silly idealTree:prePrune ├── registry-auth-token@3.3.2
248 silly idealTree:prePrune ├── registry-url@3.1.0
248 silly idealTree:prePrune ├── remove-trailing-separator@1.1.0
248 silly idealTree:prePrune ├── repeat-element@1.1.3
248 silly idealTree:prePrune ├── repeat-string@1.6.1
248 silly idealTree:prePrune ├── require-uncached@1.0.3
248 silly idealTree:prePrune ├── resolve-from@1.0.1
248 silly idealTree:prePrune ├── resolve-url@0.2.1
248 silly idealTree:prePrune ├── restore-cursor@2.0.0
248 silly idealTree:prePrune ├── ret@0.1.15
248 silly idealTree:prePrune ├── rimraf@2.6.2
248 silly idealTree:prePrune ├── run-async@2.3.0
248 silly idealTree:prePrune ├── rxjs@6.3.2
248 silly idealTree:prePrune ├── safe-buffer@5.1.1
248 silly idealTree:prePrune ├── safe-regex@1.1.0
248 silly idealTree:prePrune ├── safer-buffer@2.1.2
248 silly idealTree:prePrune ├── semver-diff@2.1.0
248 silly idealTree:prePrune ├── semver@5.5.1
248 silly idealTree:prePrune ├── send@0.16.2
248 silly idealTree:prePrune ├── serve-static@1.13.2
248 silly idealTree:prePrune ├── set-immediate-shim@1.0.1
248 silly idealTree:prePrune ├─┬ set-value@2.0.0
248 silly idealTree:prePrune │ └── extend-shallow@2.0.1
248 silly idealTree:prePrune ├── setprototypeof@1.1.0
248 silly idealTree:prePrune ├── shebang-command@1.2.0
248 silly idealTree:prePrune ├── shebang-regex@1.0.0
248 silly idealTree:prePrune ├── signal-exit@3.0.2
248 silly idealTree:prePrune ├── slice-ansi@1.0.0
248 silly idealTree:prePrune ├─┬ snapdragon-node@2.1.1
248 silly idealTree:prePrune │ ├── define-property@1.0.0
248 silly idealTree:prePrune │ ├── is-accessor-descriptor@1.0.0
248 silly idealTree:prePrune │ ├── is-data-descriptor@1.0.0
248 silly idealTree:prePrune │ └── is-descriptor@1.0.2
248 silly idealTree:prePrune ├─┬ snapdragon-util@3.0.1
248 silly idealTree:prePrune │ └── kind-of@3.2.2
248 silly idealTree:prePrune ├─┬ snapdragon@0.8.2
248 silly idealTree:prePrune │ ├── define-property@0.2.5
248 silly idealTree:prePrune │ └── extend-shallow@2.0.1
248 silly idealTree:prePrune ├── source-map-resolve@0.5.2
248 silly idealTree:prePrune ├── source-map-url@0.4.0
248 silly idealTree:prePrune ├── source-map@0.5.7
248 silly idealTree:prePrune ├── split-string@3.1.0
248 silly idealTree:prePrune ├── split@1.0.1
248 silly idealTree:prePrune ├── sprintf-js@1.0.3
248 silly idealTree:prePrune ├─┬ static-extend@0.1.2
248 silly idealTree:prePrune │ └── define-property@0.2.5
248 silly idealTree:prePrune ├── statuses@1.4.0
248 silly idealTree:prePrune ├── stream-combiner@0.2.2
248 silly idealTree:prePrune ├── string_decoder@1.1.1
248 silly idealTree:prePrune ├── string-width@2.1.1
248 silly idealTree:prePrune ├── strip-ansi@4.0.0
248 silly idealTree:prePrune ├── strip-eof@1.0.0
248 silly idealTree:prePrune ├── strip-json-comments@2.0.1
248 silly idealTree:prePrune ├── supports-color@5.5.0
248 silly idealTree:prePrune ├── table@4.0.3
248 silly idealTree:prePrune ├── term-size@1.2.0
248 silly idealTree:prePrune ├── text-table@0.2.0
248 silly idealTree:prePrune ├── through@2.3.8
248 silly idealTree:prePrune ├── timed-out@4.0.1
248 silly idealTree:prePrune ├── tmp@0.0.33
248 silly idealTree:prePrune ├─┬ to-object-path@0.3.0
248 silly idealTree:prePrune │ └── kind-of@3.2.2
248 silly idealTree:prePrune ├── to-regex-range@2.1.1
248 silly idealTree:prePrune ├── to-regex@3.0.2
248 silly idealTree:prePrune ├── touch@3.1.0
248 silly idealTree:prePrune ├── tslib@1.9.3
248 silly idealTree:prePrune ├── type-check@0.3.2
248 silly idealTree:prePrune ├── type-is@1.6.16
248 silly idealTree:prePrune ├── undefsafe@2.0.2
248 silly idealTree:prePrune ├─┬ union-value@1.0.0
248 silly idealTree:prePrune │ ├── extend-shallow@2.0.1
248 silly idealTree:prePrune │ └── set-value@0.4.3
248 silly idealTree:prePrune ├── unique-string@1.0.0
248 silly idealTree:prePrune ├── unpipe@1.0.0
248 silly idealTree:prePrune ├─┬ unset-value@1.0.0
248 silly idealTree:prePrune │ ├─┬ has-value@0.3.1
248 silly idealTree:prePrune │ │ └── isobject@2.1.0
248 silly idealTree:prePrune │ └── has-values@0.1.4
248 silly idealTree:prePrune ├── unzip-response@2.0.1
248 silly idealTree:prePrune ├── upath@1.1.0
248 silly idealTree:prePrune ├── update-notifier@2.5.0
248 silly idealTree:prePrune ├── uri-js@4.2.2
248 silly idealTree:prePrune ├── urix@0.1.0
248 silly idealTree:prePrune ├── url-parse-lax@1.0.0
248 silly idealTree:prePrune ├── use@3.1.1
248 silly idealTree:prePrune ├── util-deprecate@1.0.2
248 silly idealTree:prePrune ├── utils-merge@1.0.1
248 silly idealTree:prePrune ├── vary@1.1.2
248 silly idealTree:prePrune ├── which@1.3.1
248 silly idealTree:prePrune ├── widest-line@2.0.0
248 silly idealTree:prePrune ├── wordwrap@1.0.0
248 silly idealTree:prePrune ├── wrappy@1.0.2
248 silly idealTree:prePrune ├── write-file-atomic@2.3.0
248 silly idealTree:prePrune ├── write@0.2.1
248 silly idealTree:prePrune ├── xdg-basedir@3.0.0
248 silly idealTree:prePrune └── yallist@2.1.2
249 silly loadIdealTree Finishing
250 silly currentTree tinyapp@1.0.0
250 silly currentTree ├── @babel/code-frame@7.0.0
250 silly currentTree ├── @babel/highlight@7.0.0
250 silly currentTree ├── abbrev@1.1.1
250 silly currentTree ├── accepts@1.3.5
250 silly currentTree ├── acorn-jsx@4.1.1
250 silly currentTree ├── acorn@5.7.2
250 silly currentTree ├── ajv-keywords@3.2.0
250 silly currentTree ├── ajv@6.5.3
250 silly currentTree ├── ansi-align@2.0.0
250 silly currentTree ├── ansi-escapes@3.1.0
250 silly currentTree ├── ansi-regex@3.0.0
250 silly currentTree ├── ansi-styles@3.2.1
250 silly currentTree ├── anymatch@2.0.0
250 silly currentTree ├── argparse@1.0.10
250 silly currentTree ├── arr-diff@4.0.0
250 silly currentTree ├── arr-flatten@1.1.0
250 silly currentTree ├── arr-union@3.1.0
250 silly currentTree ├── array-flatten@1.1.1
250 silly currentTree ├── array-union@1.0.2
250 silly currentTree ├── array-uniq@1.0.3
250 silly currentTree ├── array-unique@0.3.2
250 silly currentTree ├── arrify@1.0.1
250 silly currentTree ├── assign-symbols@1.0.0
250 silly currentTree ├── async-each@1.0.1
250 silly currentTree ├── atob@2.1.2
250 silly currentTree ├── balanced-match@1.0.0
250 silly currentTree ├─┬ base@0.11.2
250 silly currentTree │ ├── define-property@1.0.0
250 silly currentTree │ ├── is-accessor-descriptor@1.0.0
250 silly currentTree │ ├── is-data-descriptor@1.0.0
250 silly currentTree │ └── is-descriptor@1.0.2
250 silly currentTree ├─┬ bcrypt@3.0.0
250 silly currentTree │ ├── abbrev@1.1.1
250 silly currentTree │ ├── ansi-regex@2.1.1
250 silly currentTree │ ├── aproba@1.2.0
250 silly currentTree │ ├── are-we-there-yet@1.1.5
250 silly currentTree │ ├── balanced-match@1.0.0
250 silly currentTree │ ├── brace-expansion@1.1.11
250 silly currentTree │ ├── chownr@1.0.1
250 silly currentTree │ ├── code-point-at@1.1.0
250 silly currentTree │ ├── concat-map@0.0.1
250 silly currentTree │ ├── console-control-strings@1.1.0
250 silly currentTree │ ├── core-util-is@1.0.2
250 silly currentTree │ ├── debug@2.6.9
250 silly currentTree │ ├── deep-extend@0.6.0
250 silly currentTree │ ├── delegates@1.0.0
250 silly currentTree │ ├── detect-libc@1.0.3
250 silly currentTree │ ├── fs-minipass@1.2.5
250 silly currentTree │ ├── fs.realpath@1.0.0
250 silly currentTree │ ├── gauge@2.7.4
250 silly currentTree │ ├── glob@7.1.2
250 silly currentTree │ ├── has-unicode@2.0.1
250 silly currentTree │ ├── iconv-lite@0.4.23
250 silly currentTree │ ├── ignore-walk@3.0.1
250 silly currentTree │ ├── inflight@1.0.6
250 silly currentTree │ ├── inherits@2.0.3
250 silly currentTree │ ├── ini@1.3.5
250 silly currentTree │ ├── is-fullwidth-code-point@1.0.0
250 silly currentTree │ ├── isarray@1.0.0
250 silly currentTree │ ├── minimatch@3.0.4
250 silly currentTree │ ├── minimist@0.0.8
250 silly currentTree │ ├─┬ minipass@2.3.3
250 silly currentTree │ │ ├── safe-buffer@5.1.2
250 silly currentTree │ │ └── yallist@3.0.2
250 silly currentTree │ ├── minizlib@1.1.0
250 silly currentTree │ ├── mkdirp@0.5.1
250 silly currentTree │ ├── ms@2.0.0
250 silly currentTree │ ├── needle@2.2.1
250 silly currentTree │ ├── node-pre-gyp@0.10.2
250 silly currentTree │ ├── nopt@4.0.1
250 silly currentTree │ ├── npm-bundled@1.0.3
250 silly currentTree │ ├── npm-packlist@1.1.10
250 silly currentTree │ ├── npmlog@4.1.2
250 silly currentTree │ ├── number-is-nan@1.0.1
250 silly currentTree │ ├── object-assign@4.1.1
250 silly currentTree │ ├── once@1.4.0
250 silly currentTree │ ├── os-homedir@1.0.2
250 silly currentTree │ ├── os-tmpdir@1.0.2
250 silly currentTree │ ├── osenv@0.1.5
250 silly currentTree │ ├── path-is-absolute@1.0.1
250 silly currentTree │ ├── process-nextick-args@2.0.0
250 silly currentTree │ ├─┬ rc@1.2.8
250 silly currentTree │ │ └── minimist@1.2.0
250 silly currentTree │ ├── readable-stream@2.3.5
250 silly currentTree │ ├── rimraf@2.6.2
250 silly currentTree │ ├── safe-buffer@5.1.1
250 silly currentTree │ ├── safer-buffer@2.1.2
250 silly currentTree │ ├── sax@1.2.4
250 silly currentTree │ ├── semver@5.5.0
250 silly currentTree │ ├── set-blocking@2.0.0
250 silly currentTree │ ├── signal-exit@3.0.2
250 silly currentTree │ ├── string_decoder@1.0.3
250 silly currentTree │ ├── string-width@1.0.2
250 silly currentTree │ ├── strip-ansi@3.0.1
250 silly currentTree │ ├── strip-json-comments@2.0.1
250 silly currentTree │ ├─┬ tar@4.4.4
250 silly currentTree │ │ ├── safe-buffer@5.1.2
250 silly currentTree │ │ └── yallist@3.0.2
250 silly currentTree │ ├── util-deprecate@1.0.2
250 silly currentTree │ ├── wide-align@1.1.3
250 silly currentTree │ └── wrappy@1.0.2
250 silly currentTree ├── binary-extensions@1.11.0
250 silly currentTree ├─┬ body-parser@1.18.3
250 silly currentTree │ └── qs@6.5.2
250 silly currentTree ├── boxen@1.3.0
250 silly currentTree ├── brace-expansion@1.1.11
250 silly currentTree ├─┬ braces@2.3.2
250 silly currentTree │ └── extend-shallow@2.0.1
250 silly currentTree ├── bytes@3.0.0
250 silly currentTree ├── cache-base@1.0.1
250 silly currentTree ├── caller-path@0.1.0
250 silly currentTree ├── callsites@0.2.0
250 silly currentTree ├── camelcase@4.1.0
250 silly currentTree ├── capture-stack-trace@1.0.1
250 silly currentTree ├── chalk@2.4.1
250 silly currentTree ├── chardet@0.7.0
250 silly currentTree ├── chokidar@2.0.4
250 silly currentTree ├── ci-info@1.4.0
250 silly currentTree ├── circular-json@0.3.3
250 silly currentTree ├─┬ class-utils@0.3.6
250 silly currentTree │ └── define-property@0.2.5
250 silly currentTree ├── cli-boxes@1.0.0
250 silly currentTree ├── cli-cursor@2.1.0
250 silly currentTree ├── cli-width@2.2.0
250 silly currentTree ├── collection-visit@1.0.0
250 silly currentTree ├── color-convert@1.9.3
250 silly currentTree ├── color-name@1.1.3
250 silly currentTree ├── component-emitter@1.2.1
250 silly currentTree ├── concat-map@0.0.1
250 silly currentTree ├── configstore@3.1.2
250 silly currentTree ├── content-disposition@0.5.2
250 silly currentTree ├── content-type@1.0.4
250 silly currentTree ├── cookie-parser@1.4.3
250 silly currentTree ├── cookie-signature@1.0.6
250 silly currentTree ├── cookie@0.3.1
250 silly currentTree ├── copy-descriptor@0.1.1
250 silly currentTree ├── core-util-is@1.0.2
250 silly currentTree ├── create-error-class@3.0.2
250 silly currentTree ├── cross-spawn@5.1.0
250 silly currentTree ├── crypto-random-string@1.0.0
250 silly currentTree ├── debug@2.6.9
250 silly currentTree ├── decode-uri-component@0.2.0
250 silly currentTree ├── deep-extend@0.6.0
250 silly currentTree ├── deep-is@0.1.3
250 silly currentTree ├─┬ define-property@2.0.2
250 silly currentTree │ ├── is-accessor-descriptor@1.0.0
250 silly currentTree │ ├── is-data-descriptor@1.0.0
250 silly currentTree │ └── is-descriptor@1.0.2
250 silly currentTree ├─┬ del@2.2.2
250 silly currentTree │ └── pify@2.3.0
250 silly currentTree ├── depd@1.1.2
250 silly currentTree ├── destroy@1.0.4
250 silly currentTree ├── doctrine@2.1.0
250 silly currentTree ├── dot-prop@4.2.0
250 silly currentTree ├── duplexer@0.1.1
250 silly currentTree ├── duplexer3@0.1.4
250 silly currentTree ├── ee-first@1.1.1
250 silly currentTree ├── ejs@2.6.1
250 silly currentTree ├── encodeurl@1.0.2
250 silly currentTree ├── escape-html@1.0.3
250 silly currentTree ├── escape-string-regexp@1.0.5
250 silly currentTree ├── eslint-scope@4.0.0
250 silly currentTree ├── eslint-utils@1.3.1
250 silly currentTree ├── eslint-visitor-keys@1.0.0
250 silly currentTree ├─┬ eslint@5.5.0
250 silly currentTree │ ├── cross-spawn@6.0.5
250 silly currentTree │ └── debug@3.1.0
250 silly currentTree ├── espree@4.0.0
250 silly currentTree ├── esprima@4.0.1
250 silly currentTree ├── esquery@1.0.1
250 silly currentTree ├── esrecurse@4.2.1
250 silly currentTree ├── estraverse@4.2.0
250 silly currentTree ├── esutils@2.0.2
250 silly currentTree ├── etag@1.8.1
250 silly currentTree ├── event-stream@3.3.5
250 silly currentTree ├── execa@0.7.0
250 silly currentTree ├─┬ expand-brackets@2.1.4
250 silly currentTree │ ├── define-property@0.2.5
250 silly currentTree │ └── extend-shallow@2.0.1
250 silly currentTree ├─┬ express@4.16.3
250 silly currentTree │ ├── body-parser@1.18.2
250 silly currentTree │ ├── iconv-lite@0.4.19
250 silly currentTree │ └─┬ raw-body@2.3.2
250 silly currentTree │   ├── depd@1.1.1
250 silly currentTree │   ├── http-errors@1.6.2
250 silly currentTree │   └── setprototypeof@1.0.3
250 silly currentTree ├─┬ extend-shallow@3.0.2
250 silly currentTree │ └── is-extendable@1.0.1
250 silly currentTree ├─┬ external-editor@3.0.3
250 silly currentTree │ └── iconv-lite@0.4.24
250 silly currentTree ├─┬ extglob@2.0.4
250 silly currentTree │ ├── define-property@1.0.0
250 silly currentTree │ ├── extend-shallow@2.0.1
250 silly currentTree │ ├── is-accessor-descriptor@1.0.0
250 silly currentTree │ ├── is-data-descriptor@1.0.0
250 silly currentTree │ └── is-descriptor@1.0.2
250 silly currentTree ├── fast-deep-equal@2.0.1
250 silly currentTree ├── fast-json-stable-stringify@2.0.0
250 silly currentTree ├── fast-levenshtein@2.0.6
250 silly currentTree ├── figures@2.0.0
250 silly currentTree ├── file-entry-cache@2.0.0
250 silly currentTree ├─┬ fill-range@4.0.0
250 silly currentTree │ └── extend-shallow@2.0.1
250 silly currentTree ├── finalhandler@1.1.1
250 silly currentTree ├── flat-cache@1.3.0
250 silly currentTree ├── for-in@1.0.2
250 silly currentTree ├── forwarded@0.1.2
250 silly currentTree ├── fragment-cache@0.2.1
250 silly currentTree ├── fresh@0.5.2
250 silly currentTree ├── from@0.1.7
250 silly currentTree ├── fs.realpath@1.0.0
250 silly currentTree ├── functional-red-black-tree@1.0.1
250 silly currentTree ├── get-stream@3.0.0
250 silly currentTree ├── get-value@2.0.6
250 silly currentTree ├─┬ glob-parent@3.1.0
250 silly currentTree │ └── is-glob@3.1.0
250 silly currentTree ├── glob@7.1.3
250 silly currentTree ├── global-dirs@0.1.1
250 silly currentTree ├── globals@11.7.0
250 silly currentTree ├─┬ globby@5.0.0
250 silly currentTree │ └── pify@2.3.0
250 silly currentTree ├── got@6.7.1
250 silly currentTree ├── graceful-fs@4.1.11
250 silly currentTree ├── has-flag@3.0.0
250 silly currentTree ├── has-value@1.0.0
250 silly currentTree ├─┬ has-values@1.0.0
250 silly currentTree │ └── kind-of@4.0.0
250 silly currentTree ├── http-errors@1.6.3
250 silly currentTree ├── iconv-lite@0.4.23
250 silly currentTree ├── ignore-by-default@1.0.1
250 silly currentTree ├── ignore@4.0.6
250 silly currentTree ├── import-lazy@2.1.0
250 silly currentTree ├── imurmurhash@0.1.4
250 silly currentTree ├── inflight@1.0.6
250 silly currentTree ├── inherits@2.0.3
250 silly currentTree ├── ini@1.3.5
250 silly currentTree ├── inquirer@6.2.0
250 silly currentTree ├── ipaddr.js@1.8.0
250 silly currentTree ├─┬ is-accessor-descriptor@0.1.6
250 silly currentTree │ └── kind-of@3.2.2
250 silly currentTree ├── is-binary-path@1.0.1
250 silly currentTree ├── is-buffer@1.1.6
250 silly currentTree ├── is-ci@1.2.0
250 silly currentTree ├─┬ is-data-descriptor@0.1.4
250 silly currentTree │ └── kind-of@3.2.2
250 silly currentTree ├─┬ is-descriptor@0.1.6
250 silly currentTree │ └── kind-of@5.1.0
250 silly currentTree ├── is-extendable@0.1.1
250 silly currentTree ├── is-extglob@2.1.1
250 silly currentTree ├── is-fullwidth-code-point@2.0.0
250 silly currentTree ├── is-glob@4.0.0
250 silly currentTree ├── is-installed-globally@0.1.0
250 silly currentTree ├── is-npm@1.0.0
250 silly currentTree ├─┬ is-number@3.0.0
250 silly currentTree │ └── kind-of@3.2.2
250 silly currentTree ├── is-obj@1.0.1
250 silly currentTree ├── is-path-cwd@1.0.0
250 silly currentTree ├── is-path-in-cwd@1.0.1
250 silly currentTree ├── is-path-inside@1.0.1
250 silly currentTree ├── is-plain-object@2.0.4
250 silly currentTree ├── is-promise@2.1.0
250 silly currentTree ├── is-redirect@1.0.0
250 silly currentTree ├── is-resolvable@1.1.0
250 silly currentTree ├── is-retry-allowed@1.1.0
250 silly currentTree ├── is-stream@1.1.0
250 silly currentTree ├── is-windows@1.0.2
250 silly currentTree ├── isarray@1.0.0
250 silly currentTree ├── isexe@2.0.0
250 silly currentTree ├── isobject@3.0.1
250 silly currentTree ├── js-tokens@4.0.0
250 silly currentTree ├── js-yaml@3.12.0
250 silly currentTree ├── json-schema-traverse@0.4.1
250 silly currentTree ├── json-stable-stringify-without-jsonify@1.0.1
250 silly currentTree ├── kind-of@6.0.2
250 silly currentTree ├── latest-version@3.1.0
250 silly currentTree ├── levn@0.3.0
250 silly currentTree ├── lodash.debounce@4.0.8
250 silly currentTree ├── lodash@4.17.10
250 silly currentTree ├── lowercase-keys@1.0.1
250 silly currentTree ├── lru-cache@4.1.3
250 silly currentTree ├── make-dir@1.3.0
250 silly currentTree ├── map-cache@0.2.2
250 silly currentTree ├── map-stream@0.0.7
250 silly currentTree ├── map-visit@1.0.0
250 silly currentTree ├── media-typer@0.3.0
250 silly currentTree ├── merge-descriptors@1.0.1
250 silly currentTree ├── methods@1.1.2
250 silly currentTree ├── micromatch@3.1.10
250 silly currentTree ├── mime-db@1.36.0
250 silly currentTree ├── mime-types@2.1.20
250 silly currentTree ├── mime@1.4.1
250 silly currentTree ├── mimic-fn@1.2.0
250 silly currentTree ├── minimatch@3.0.4
250 silly currentTree ├── minimist@1.2.0
250 silly currentTree ├─┬ mixin-deep@1.3.1
250 silly currentTree │ └── is-extendable@1.0.1
250 silly currentTree ├─┬ mkdirp@0.5.1
250 silly currentTree │ └── minimist@0.0.8
250 silly currentTree ├── ms@2.0.0
250 silly currentTree ├── mute-stream@0.0.7
250 silly currentTree ├── nan@2.10.0
250 silly currentTree ├── nanomatch@1.2.13
250 silly currentTree ├── natural-compare@1.4.0
250 silly currentTree ├── negotiator@0.6.1
250 silly currentTree ├── nice-try@1.0.5
250 silly currentTree ├─┬ nodemon@1.18.4
250 silly currentTree │ └── debug@3.1.0
250 silly currentTree ├── nopt@1.0.10
250 silly currentTree ├── normalize-path@2.1.1
250 silly currentTree ├── npm-run-path@2.0.2
250 silly currentTree ├── object-assign@4.1.1
250 silly currentTree ├─┬ object-copy@0.1.0
250 silly currentTree │ ├── define-property@0.2.5
250 silly currentTree │ └── kind-of@3.2.2
250 silly currentTree ├── object-visit@1.0.1
250 silly currentTree ├── object.pick@1.3.0
250 silly currentTree ├── on-finished@2.3.0
250 silly currentTree ├── once@1.4.0
250 silly currentTree ├── onetime@2.0.1
250 silly currentTree ├── optionator@0.8.2
250 silly currentTree ├── os-tmpdir@1.0.2
250 silly currentTree ├── p-finally@1.0.0
250 silly currentTree ├── package-json@4.0.1
250 silly currentTree ├── parseurl@1.3.2
250 silly currentTree ├── pascalcase@0.1.1
250 silly currentTree ├── path-dirname@1.0.2
250 silly currentTree ├── path-is-absolute@1.0.1
250 silly currentTree ├── path-is-inside@1.0.2
250 silly currentTree ├── path-key@2.0.1
250 silly currentTree ├── path-to-regexp@0.1.7
250 silly currentTree ├── pause-stream@0.0.11
250 silly currentTree ├── pify@3.0.0
250 silly currentTree ├── pinkie-promise@2.0.1
250 silly currentTree ├── pinkie@2.0.4
250 silly currentTree ├── pluralize@7.0.0
250 silly currentTree ├── posix-character-classes@0.1.1
250 silly currentTree ├── prelude-ls@1.1.2
250 silly currentTree ├── prepend-http@1.0.4
250 silly currentTree ├── process-nextick-args@2.0.0
250 silly currentTree ├── progress@2.0.0
250 silly currentTree ├── proxy-addr@2.0.4
250 silly currentTree ├── ps-tree@1.1.0
250 silly currentTree ├── pseudomap@1.0.2
250 silly currentTree ├── pstree.remy@1.1.0
250 silly currentTree ├── punycode@2.1.1
250 silly currentTree ├── qs@6.5.1
250 silly currentTree ├── range-parser@1.2.0
250 silly currentTree ├── raw-body@2.3.3
250 silly currentTree ├── rc@1.2.8
250 silly currentTree ├── readable-stream@2.3.6
250 silly currentTree ├── readdirp@2.1.0
250 silly currentTree ├── regex-not@1.0.2
250 silly currentTree ├── regexpp@2.0.0
250 silly currentTree ├── registry-auth-token@3.3.2
250 silly currentTree ├── registry-url@3.1.0
250 silly currentTree ├── remove-trailing-separator@1.1.0
250 silly currentTree ├── repeat-element@1.1.3
250 silly currentTree ├── repeat-string@1.6.1
250 silly currentTree ├── require-uncached@1.0.3
250 silly currentTree ├── resolve-from@1.0.1
250 silly currentTree ├── resolve-url@0.2.1
250 silly currentTree ├── restore-cursor@2.0.0
250 silly currentTree ├── ret@0.1.15
250 silly currentTree ├── rimraf@2.6.2
250 silly currentTree ├── run-async@2.3.0
250 silly currentTree ├── rxjs@6.3.2
250 silly currentTree ├── safe-buffer@5.1.1
250 silly currentTree ├── safe-regex@1.1.0
250 silly currentTree ├── safer-buffer@2.1.2
250 silly currentTree ├── semver-diff@2.1.0
250 silly currentTree ├── semver@5.5.1
250 silly currentTree ├── send@0.16.2
250 silly currentTree ├── serve-static@1.13.2
250 silly currentTree ├── set-immediate-shim@1.0.1
250 silly currentTree ├─┬ set-value@2.0.0
250 silly currentTree │ └── extend-shallow@2.0.1
250 silly currentTree ├── setprototypeof@1.1.0
250 silly currentTree ├── shebang-command@1.2.0
250 silly currentTree ├── shebang-regex@1.0.0
250 silly currentTree ├── signal-exit@3.0.2
250 silly currentTree ├── slice-ansi@1.0.0
250 silly currentTree ├─┬ snapdragon-node@2.1.1
250 silly currentTree │ ├── define-property@1.0.0
250 silly currentTree │ ├── is-accessor-descriptor@1.0.0
250 silly currentTree │ ├── is-data-descriptor@1.0.0
250 silly currentTree │ └── is-descriptor@1.0.2
250 silly currentTree ├─┬ snapdragon-util@3.0.1
250 silly currentTree │ └── kind-of@3.2.2
250 silly currentTree ├─┬ snapdragon@0.8.2
250 silly currentTree │ ├── define-property@0.2.5
250 silly currentTree │ └── extend-shallow@2.0.1
250 silly currentTree ├── source-map-resolve@0.5.2
250 silly currentTree ├── source-map-url@0.4.0
250 silly currentTree ├── source-map@0.5.7
250 silly currentTree ├── split-string@3.1.0
250 silly currentTree ├── split@1.0.1
250 silly currentTree ├── sprintf-js@1.0.3
250 silly currentTree ├─┬ static-extend@0.1.2
250 silly currentTree │ └── define-property@0.2.5
250 silly currentTree ├── statuses@1.4.0
250 silly currentTree ├── stream-combiner@0.2.2
250 silly currentTree ├── string_decoder@1.1.1
250 silly currentTree ├── string-width@2.1.1
250 silly currentTree ├── strip-ansi@4.0.0
250 silly currentTree ├── strip-eof@1.0.0
250 silly currentTree ├── strip-json-comments@2.0.1
250 silly currentTree ├── supports-color@5.5.0
250 silly currentTree ├── table@4.0.3
250 silly currentTree ├── term-size@1.2.0
250 silly currentTree ├── text-table@0.2.0
250 silly currentTree ├── through@2.3.8
250 silly currentTree ├── timed-out@4.0.1
250 silly currentTree ├── tmp@0.0.33
250 silly currentTree ├─┬ to-object-path@0.3.0
250 silly currentTree │ └── kind-of@3.2.2
250 silly currentTree ├── to-regex-range@2.1.1
250 silly currentTree ├── to-regex@3.0.2
250 silly currentTree ├── touch@3.1.0
250 silly currentTree ├── tslib@1.9.3
250 silly currentTree ├── type-check@0.3.2
250 silly currentTree ├── type-is@1.6.16
250 silly currentTree ├── undefsafe@2.0.2
250 silly currentTree ├─┬ union-value@1.0.0
250 silly currentTree │ ├── extend-shallow@2.0.1
250 silly currentTree │ └── set-value@0.4.3
250 silly currentTree ├── unique-string@1.0.0
250 silly currentTree ├── unpipe@1.0.0
250 silly currentTree ├─┬ unset-value@1.0.0
250 silly currentTree │ ├─┬ has-value@0.3.1
250 silly currentTree │ │ └── isobject@2.1.0
250 silly currentTree │ └── has-values@0.1.4
250 silly currentTree ├── unzip-response@2.0.1
250 silly currentTree ├── upath@1.1.0
250 silly currentTree ├── update-notifier@2.5.0
250 silly currentTree ├── uri-js@4.2.2
250 silly currentTree ├── urix@0.1.0
250 silly currentTree ├── url-parse-lax@1.0.0
250 silly currentTree ├── use@3.1.1
250 silly currentTree ├── util-deprecate@1.0.2
250 silly currentTree ├── utils-merge@1.0.1
250 silly currentTree ├── vary@1.1.2
250 silly currentTree ├── which@1.3.1
250 silly currentTree ├── widest-line@2.0.0
250 silly currentTree ├── wordwrap@1.0.0
250 silly currentTree ├── wrappy@1.0.2
250 silly currentTree ├── write-file-atomic@2.3.0
250 silly currentTree ├── write@0.2.1
250 silly currentTree ├── xdg-basedir@3.0.0
250 silly currentTree └── yallist@2.1.2
251 silly idealTree tinyapp@1.0.0
251 silly idealTree ├── @babel/code-frame@7.0.0
251 silly idealTree ├── @babel/highlight@7.0.0
251 silly idealTree ├── abbrev@1.1.1
251 silly idealTree ├── accepts@1.3.5
251 silly idealTree ├── acorn-jsx@4.1.1
251 silly idealTree ├── acorn@5.7.2
251 silly idealTree ├── ajv-keywords@3.2.0
251 silly idealTree ├── ajv@6.5.3
251 silly idealTree ├── ansi-align@2.0.0
251 silly idealTree ├── ansi-escapes@3.1.0
251 silly idealTree ├── ansi-regex@3.0.0
251 silly idealTree ├── ansi-styles@3.2.1
251 silly idealTree ├── anymatch@2.0.0
251 silly idealTree ├── argparse@1.0.10
251 silly idealTree ├── arr-diff@4.0.0
251 silly idealTree ├── arr-flatten@1.1.0
251 silly idealTree ├── arr-union@3.1.0
251 silly idealTree ├── array-flatten@1.1.1
251 silly idealTree ├── array-union@1.0.2
251 silly idealTree ├── array-uniq@1.0.3
251 silly idealTree ├── array-unique@0.3.2
251 silly idealTree ├── arrify@1.0.1
251 silly idealTree ├── assign-symbols@1.0.0
251 silly idealTree ├── async-each@1.0.1
251 silly idealTree ├── atob@2.1.2
251 silly idealTree ├── balanced-match@1.0.0
251 silly idealTree ├─┬ base@0.11.2
251 silly idealTree │ ├── define-property@1.0.0
251 silly idealTree │ ├── is-accessor-descriptor@1.0.0
251 silly idealTree │ ├── is-data-descriptor@1.0.0
251 silly idealTree │ └── is-descriptor@1.0.2
251 silly idealTree ├─┬ bcrypt@3.0.0
251 silly idealTree │ ├── abbrev@1.1.1
251 silly idealTree │ ├── ansi-regex@2.1.1
251 silly idealTree │ ├── aproba@1.2.0
251 silly idealTree │ ├── are-we-there-yet@1.1.5
251 silly idealTree │ ├── balanced-match@1.0.0
251 silly idealTree │ ├── brace-expansion@1.1.11
251 silly idealTree │ ├── chownr@1.0.1
251 silly idealTree │ ├── code-point-at@1.1.0
251 silly idealTree │ ├── concat-map@0.0.1
251 silly idealTree │ ├── console-control-strings@1.1.0
251 silly idealTree │ ├── core-util-is@1.0.2
251 silly idealTree │ ├── debug@2.6.9
251 silly idealTree │ ├── deep-extend@0.6.0
251 silly idealTree │ ├── delegates@1.0.0
251 silly idealTree │ ├── detect-libc@1.0.3
251 silly idealTree │ ├── fs-minipass@1.2.5
251 silly idealTree │ ├── fs.realpath@1.0.0
251 silly idealTree │ ├── gauge@2.7.4
251 silly idealTree │ ├── glob@7.1.2
251 silly idealTree │ ├── has-unicode@2.0.1
251 silly idealTree │ ├── iconv-lite@0.4.23
251 silly idealTree │ ├── ignore-walk@3.0.1
251 silly idealTree │ ├── inflight@1.0.6
251 silly idealTree │ ├── inherits@2.0.3
251 silly idealTree │ ├── ini@1.3.5
251 silly idealTree │ ├── is-fullwidth-code-point@1.0.0
251 silly idealTree │ ├── isarray@1.0.0
251 silly idealTree │ ├── minimatch@3.0.4
251 silly idealTree │ ├── minimist@0.0.8
251 silly idealTree │ ├─┬ minipass@2.3.3
251 silly idealTree │ │ ├── safe-buffer@5.1.2
251 silly idealTree │ │ └── yallist@3.0.2
251 silly idealTree │ ├── minizlib@1.1.0
251 silly idealTree │ ├── mkdirp@0.5.1
251 silly idealTree │ ├── ms@2.0.0
251 silly idealTree │ ├── needle@2.2.1
251 silly idealTree │ ├── node-pre-gyp@0.10.2
251 silly idealTree │ ├── nopt@4.0.1
251 silly idealTree │ ├── npm-bundled@1.0.3
251 silly idealTree │ ├── npm-packlist@1.1.10
251 silly idealTree │ ├── npmlog@4.1.2
251 silly idealTree │ ├── number-is-nan@1.0.1
251 silly idealTree │ ├── object-assign@4.1.1
251 silly idealTree │ ├── once@1.4.0
251 silly idealTree │ ├── os-homedir@1.0.2
251 silly idealTree │ ├── os-tmpdir@1.0.2
251 silly idealTree │ ├── osenv@0.1.5
251 silly idealTree │ ├── path-is-absolute@1.0.1
251 silly idealTree │ ├── process-nextick-args@2.0.0
251 silly idealTree │ ├─┬ rc@1.2.8
251 silly idealTree │ │ └── minimist@1.2.0
251 silly idealTree │ ├── readable-stream@2.3.5
251 silly idealTree │ ├── rimraf@2.6.2
251 silly idealTree │ ├── safe-buffer@5.1.1
251 silly idealTree │ ├── safer-buffer@2.1.2
251 silly idealTree │ ├── sax@1.2.4
251 silly idealTree │ ├── semver@5.5.0
251 silly idealTree │ ├── set-blocking@2.0.0
251 silly idealTree │ ├── signal-exit@3.0.2
251 silly idealTree │ ├── string_decoder@1.0.3
251 silly idealTree │ ├── string-width@1.0.2
251 silly idealTree │ ├── strip-ansi@3.0.1
251 silly idealTree │ ├── strip-json-comments@2.0.1
251 silly idealTree │ ├─┬ tar@4.4.4
251 silly idealTree │ │ ├── safe-buffer@5.1.2
251 silly idealTree │ │ └── yallist@3.0.2
251 silly idealTree │ ├── util-deprecate@1.0.2
251 silly idealTree │ ├── wide-align@1.1.3
251 silly idealTree │ └── wrappy@1.0.2
251 silly idealTree ├── binary-extensions@1.11.0
251 silly idealTree ├─┬ body-parser@1.18.3
251 silly idealTree │ └── qs@6.5.2
251 silly idealTree ├── boxen@1.3.0
251 silly idealTree ├── brace-expansion@1.1.11
251 silly idealTree ├─┬ braces@2.3.2
251 silly idealTree │ └── extend-shallow@2.0.1
251 silly idealTree ├── bytes@3.0.0
251 silly idealTree ├── cache-base@1.0.1
251 silly idealTree ├── caller-path@0.1.0
251 silly idealTree ├── callsites@0.2.0
251 silly idealTree ├── camelcase@4.1.0
251 silly idealTree ├── capture-stack-trace@1.0.1
251 silly idealTree ├── chalk@2.4.1
251 silly idealTree ├── chardet@0.7.0
251 silly idealTree ├── chokidar@2.0.4
251 silly idealTree ├── ci-info@1.4.0
251 silly idealTree ├── circular-json@0.3.3
251 silly idealTree ├─┬ class-utils@0.3.6
251 silly idealTree │ └── define-property@0.2.5
251 silly idealTree ├── cli-boxes@1.0.0
251 silly idealTree ├── cli-cursor@2.1.0
251 silly idealTree ├── cli-width@2.2.0
251 silly idealTree ├── collection-visit@1.0.0
251 silly idealTree ├── color-convert@1.9.3
251 silly idealTree ├── color-name@1.1.3
251 silly idealTree ├── component-emitter@1.2.1
251 silly idealTree ├── concat-map@0.0.1
251 silly idealTree ├── configstore@3.1.2
251 silly idealTree ├── content-disposition@0.5.2
251 silly idealTree ├── content-type@1.0.4
251 silly idealTree ├── cookie-parser@1.4.3
251 silly idealTree ├─┬ cookie-session@2.0.0-beta.3
251 silly idealTree │ └── debug@3.1.0
251 silly idealTree ├── cookie-signature@1.0.6
251 silly idealTree ├── cookie@0.3.1
251 silly idealTree ├── cookies@0.7.1
251 silly idealTree ├── copy-descriptor@0.1.1
251 silly idealTree ├── core-util-is@1.0.2
251 silly idealTree ├── create-error-class@3.0.2
251 silly idealTree ├── cross-spawn@5.1.0
251 silly idealTree ├── crypto-random-string@1.0.0
251 silly idealTree ├── debug@2.6.9
251 silly idealTree ├── decode-uri-component@0.2.0
251 silly idealTree ├── deep-extend@0.6.0
251 silly idealTree ├── deep-is@0.1.3
251 silly idealTree ├─┬ define-property@2.0.2
251 silly idealTree │ ├── is-accessor-descriptor@1.0.0
251 silly idealTree │ ├── is-data-descriptor@1.0.0
251 silly idealTree │ └── is-descriptor@1.0.2
251 silly idealTree ├─┬ del@2.2.2
251 silly idealTree │ └── pify@2.3.0
251 silly idealTree ├── depd@1.1.2
251 silly idealTree ├── destroy@1.0.4
251 silly idealTree ├── doctrine@2.1.0
251 silly idealTree ├── dot-prop@4.2.0
251 silly idealTree ├── duplexer@0.1.1
251 silly idealTree ├── duplexer3@0.1.4
251 silly idealTree ├── ee-first@1.1.1
251 silly idealTree ├── ejs@2.6.1
251 silly idealTree ├── encodeurl@1.0.2
251 silly idealTree ├── escape-html@1.0.3
251 silly idealTree ├── escape-string-regexp@1.0.5
251 silly idealTree ├── eslint-scope@4.0.0
251 silly idealTree ├── eslint-utils@1.3.1
251 silly idealTree ├── eslint-visitor-keys@1.0.0
251 silly idealTree ├─┬ eslint@5.5.0
251 silly idealTree │ ├── cross-spawn@6.0.5
251 silly idealTree │ └── debug@3.1.0
251 silly idealTree ├── espree@4.0.0
251 silly idealTree ├── esprima@4.0.1
251 silly idealTree ├── esquery@1.0.1
251 silly idealTree ├── esrecurse@4.2.1
251 silly idealTree ├── estraverse@4.2.0
251 silly idealTree ├── esutils@2.0.2
251 silly idealTree ├── etag@1.8.1
251 silly idealTree ├── event-stream@3.3.5
251 silly idealTree ├── execa@0.7.0
251 silly idealTree ├─┬ expand-brackets@2.1.4
251 silly idealTree │ ├── define-property@0.2.5
251 silly idealTree │ └── extend-shallow@2.0.1
251 silly idealTree ├─┬ express@4.16.3
251 silly idealTree │ ├── body-parser@1.18.2
251 silly idealTree │ ├── iconv-lite@0.4.19
251 silly idealTree │ └─┬ raw-body@2.3.2
251 silly idealTree │   ├── depd@1.1.1
251 silly idealTree │   ├── http-errors@1.6.2
251 silly idealTree │   └── setprototypeof@1.0.3
251 silly idealTree ├─┬ extend-shallow@3.0.2
251 silly idealTree │ └── is-extendable@1.0.1
251 silly idealTree ├─┬ external-editor@3.0.3
251 silly idealTree │ └── iconv-lite@0.4.24
251 silly idealTree ├─┬ extglob@2.0.4
251 silly idealTree │ ├── define-property@1.0.0
251 silly idealTree │ ├── extend-shallow@2.0.1
251 silly idealTree │ ├── is-accessor-descriptor@1.0.0
251 silly idealTree │ ├── is-data-descriptor@1.0.0
251 silly idealTree │ └── is-descriptor@1.0.2
251 silly idealTree ├── fast-deep-equal@2.0.1
251 silly idealTree ├── fast-json-stable-stringify@2.0.0
251 silly idealTree ├── fast-levenshtein@2.0.6
251 silly idealTree ├── figures@2.0.0
251 silly idealTree ├── file-entry-cache@2.0.0
251 silly idealTree ├─┬ fill-range@4.0.0
251 silly idealTree │ └── extend-shallow@2.0.1
251 silly idealTree ├── finalhandler@1.1.1
251 silly idealTree ├── flat-cache@1.3.0
251 silly idealTree ├── for-in@1.0.2
251 silly idealTree ├── forwarded@0.1.2
251 silly idealTree ├── fragment-cache@0.2.1
251 silly idealTree ├── fresh@0.5.2
251 silly idealTree ├── from@0.1.7
251 silly idealTree ├── fs.realpath@1.0.0
251 silly idealTree ├── functional-red-black-tree@1.0.1
251 silly idealTree ├── get-stream@3.0.0
251 silly idealTree ├── get-value@2.0.6
251 silly idealTree ├─┬ glob-parent@3.1.0
251 silly idealTree │ └── is-glob@3.1.0
251 silly idealTree ├── glob@7.1.3
251 silly idealTree ├── global-dirs@0.1.1
251 silly idealTree ├── globals@11.7.0
251 silly idealTree ├─┬ globby@5.0.0
251 silly idealTree │ └── pify@2.3.0
251 silly idealTree ├── got@6.7.1
251 silly idealTree ├── graceful-fs@4.1.11
251 silly idealTree ├── has-flag@3.0.0
251 silly idealTree ├── has-value@1.0.0
251 silly idealTree ├─┬ has-values@1.0.0
251 silly idealTree │ └── kind-of@4.0.0
251 silly idealTree ├── http-errors@1.6.3
251 silly idealTree ├── iconv-lite@0.4.23
251 silly idealTree ├── ignore-by-default@1.0.1
251 silly idealTree ├── ignore@4.0.6
251 silly idealTree ├── import-lazy@2.1.0
251 silly idealTree ├── imurmurhash@0.1.4
251 silly idealTree ├── inflight@1.0.6
251 silly idealTree ├── inherits@2.0.3
251 silly idealTree ├── ini@1.3.5
251 silly idealTree ├── inquirer@6.2.0
251 silly idealTree ├── ipaddr.js@1.8.0
251 silly idealTree ├─┬ is-accessor-descriptor@0.1.6
251 silly idealTree │ └── kind-of@3.2.2
251 silly idealTree ├── is-binary-path@1.0.1
251 silly idealTree ├── is-buffer@1.1.6
251 silly idealTree ├── is-ci@1.2.0
251 silly idealTree ├─┬ is-data-descriptor@0.1.4
251 silly idealTree │ └── kind-of@3.2.2
251 silly idealTree ├─┬ is-descriptor@0.1.6
251 silly idealTree │ └── kind-of@5.1.0
251 silly idealTree ├── is-extendable@0.1.1
251 silly idealTree ├── is-extglob@2.1.1
251 silly idealTree ├── is-fullwidth-code-point@2.0.0
251 silly idealTree ├── is-glob@4.0.0
251 silly idealTree ├── is-installed-globally@0.1.0
251 silly idealTree ├── is-npm@1.0.0
251 silly idealTree ├─┬ is-number@3.0.0
251 silly idealTree │ └── kind-of@3.2.2
251 silly idealTree ├── is-obj@1.0.1
251 silly idealTree ├── is-path-cwd@1.0.0
251 silly idealTree ├── is-path-in-cwd@1.0.1
251 silly idealTree ├── is-path-inside@1.0.1
251 silly idealTree ├── is-plain-object@2.0.4
251 silly idealTree ├── is-promise@2.1.0
251 silly idealTree ├── is-redirect@1.0.0
251 silly idealTree ├── is-resolvable@1.1.0
251 silly idealTree ├── is-retry-allowed@1.1.0
251 silly idealTree ├── is-stream@1.1.0
251 silly idealTree ├── is-windows@1.0.2
251 silly idealTree ├── isarray@1.0.0
251 silly idealTree ├── isexe@2.0.0
251 silly idealTree ├── isobject@3.0.1
251 silly idealTree ├── js-tokens@4.0.0
251 silly idealTree ├── js-yaml@3.12.0
251 silly idealTree ├── json-schema-traverse@0.4.1
251 silly idealTree ├── json-stable-stringify-without-jsonify@1.0.1
251 silly idealTree ├── keygrip@1.0.2
251 silly idealTree ├── kind-of@6.0.2
251 silly idealTree ├── latest-version@3.1.0
251 silly idealTree ├── levn@0.3.0
251 silly idealTree ├── lodash.debounce@4.0.8
251 silly idealTree ├── lodash@4.17.10
251 silly idealTree ├── lowercase-keys@1.0.1
251 silly idealTree ├── lru-cache@4.1.3
251 silly idealTree ├── make-dir@1.3.0
251 silly idealTree ├── map-cache@0.2.2
251 silly idealTree ├── map-stream@0.0.7
251 silly idealTree ├── map-visit@1.0.0
251 silly idealTree ├── media-typer@0.3.0
251 silly idealTree ├── merge-descriptors@1.0.1
251 silly idealTree ├── methods@1.1.2
251 silly idealTree ├── micromatch@3.1.10
251 silly idealTree ├── mime-db@1.36.0
251 silly idealTree ├── mime-types@2.1.20
251 silly idealTree ├── mime@1.4.1
251 silly idealTree ├── mimic-fn@1.2.0
251 silly idealTree ├── minimatch@3.0.4
251 silly idealTree ├── minimist@1.2.0
251 silly idealTree ├─┬ mixin-deep@1.3.1
251 silly idealTree │ └── is-extendable@1.0.1
251 silly idealTree ├─┬ mkdirp@0.5.1
251 silly idealTree │ └── minimist@0.0.8
251 silly idealTree ├── ms@2.0.0
251 silly idealTree ├── mute-stream@0.0.7
251 silly idealTree ├── nan@2.10.0
251 silly idealTree ├── nanomatch@1.2.13
251 silly idealTree ├── natural-compare@1.4.0
251 silly idealTree ├── negotiator@0.6.1
251 silly idealTree ├── nice-try@1.0.5
251 silly idealTree ├─┬ nodemon@1.18.4
251 silly idealTree │ └── debug@3.1.0
251 silly idealTree ├── nopt@1.0.10
251 silly idealTree ├── normalize-path@2.1.1
251 silly idealTree ├── npm-run-path@2.0.2
251 silly idealTree ├── object-assign@4.1.1
251 silly idealTree ├─┬ object-copy@0.1.0
251 silly idealTree │ ├── define-property@0.2.5
251 silly idealTree │ └── kind-of@3.2.2
251 silly idealTree ├── object-visit@1.0.1
251 silly idealTree ├── object.pick@1.3.0
251 silly idealTree ├── on-finished@2.3.0
251 silly idealTree ├── on-headers@1.0.1
251 silly idealTree ├── once@1.4.0
251 silly idealTree ├── onetime@2.0.1
251 silly idealTree ├── optionator@0.8.2
251 silly idealTree ├── os-tmpdir@1.0.2
251 silly idealTree ├── p-finally@1.0.0
251 silly idealTree ├── package-json@4.0.1
251 silly idealTree ├── parseurl@1.3.2
251 silly idealTree ├── pascalcase@0.1.1
251 silly idealTree ├── path-dirname@1.0.2
251 silly idealTree ├── path-is-absolute@1.0.1
251 silly idealTree ├── path-is-inside@1.0.2
251 silly idealTree ├── path-key@2.0.1
251 silly idealTree ├── path-to-regexp@0.1.7
251 silly idealTree ├── pause-stream@0.0.11
251 silly idealTree ├── pify@3.0.0
251 silly idealTree ├── pinkie-promise@2.0.1
251 silly idealTree ├── pinkie@2.0.4
251 silly idealTree ├── pluralize@7.0.0
251 silly idealTree ├── posix-character-classes@0.1.1
251 silly idealTree ├── prelude-ls@1.1.2
251 silly idealTree ├── prepend-http@1.0.4
251 silly idealTree ├── process-nextick-args@2.0.0
251 silly idealTree ├── progress@2.0.0
251 silly idealTree ├── proxy-addr@2.0.4
251 silly idealTree ├── ps-tree@1.1.0
251 silly idealTree ├── pseudomap@1.0.2
251 silly idealTree ├── pstree.remy@1.1.0
251 silly idealTree ├── punycode@2.1.1
251 silly idealTree ├── qs@6.5.1
251 silly idealTree ├── range-parser@1.2.0
251 silly idealTree ├── raw-body@2.3.3
251 silly idealTree ├── rc@1.2.8
251 silly idealTree ├── readable-stream@2.3.6
251 silly idealTree ├── readdirp@2.1.0
251 silly idealTree ├── regex-not@1.0.2
251 silly idealTree ├── regexpp@2.0.0
251 silly idealTree ├── registry-auth-token@3.3.2
251 silly idealTree ├── registry-url@3.1.0
251 silly idealTree ├── remove-trailing-separator@1.1.0
251 silly idealTree ├── repeat-element@1.1.3
251 silly idealTree ├── repeat-string@1.6.1
251 silly idealTree ├── require-uncached@1.0.3
251 silly idealTree ├── resolve-from@1.0.1
251 silly idealTree ├── resolve-url@0.2.1
251 silly idealTree ├── restore-cursor@2.0.0
251 silly idealTree ├── ret@0.1.15
251 silly idealTree ├── rimraf@2.6.2
251 silly idealTree ├── run-async@2.3.0
251 silly idealTree ├── rxjs@6.3.2
251 silly idealTree ├── safe-buffer@5.1.1
251 silly idealTree ├── safe-regex@1.1.0
251 silly idealTree ├── safer-buffer@2.1.2
251 silly idealTree ├── semver-diff@2.1.0
251 silly idealTree ├── semver@5.5.1
251 silly idealTree ├── send@0.16.2
251 silly idealTree ├── serve-static@1.13.2
251 silly idealTree ├── set-immediate-shim@1.0.1
251 silly idealTree ├─┬ set-value@2.0.0
251 silly idealTree │ └── extend-shallow@2.0.1
251 silly idealTree ├── setprototypeof@1.1.0
251 silly idealTree ├── shebang-command@1.2.0
251 silly idealTree ├── shebang-regex@1.0.0
251 silly idealTree ├── signal-exit@3.0.2
251 silly idealTree ├── slice-ansi@1.0.0
251 silly idealTree ├─┬ snapdragon-node@2.1.1
251 silly idealTree │ ├── define-property@1.0.0
251 silly idealTree │ ├── is-accessor-descriptor@1.0.0
251 silly idealTree │ ├── is-data-descriptor@1.0.0
251 silly idealTree │ └── is-descriptor@1.0.2
251 silly idealTree ├─┬ snapdragon-util@3.0.1
251 silly idealTree │ └── kind-of@3.2.2
251 silly idealTree ├─┬ snapdragon@0.8.2
251 silly idealTree │ ├── define-property@0.2.5
251 silly idealTree │ └── extend-shallow@2.0.1
251 silly idealTree ├── source-map-resolve@0.5.2
251 silly idealTree ├── source-map-url@0.4.0
251 silly idealTree ├── source-map@0.5.7
251 silly idealTree ├── split-string@3.1.0
251 silly idealTree ├── split@1.0.1
251 silly idealTree ├── sprintf-js@1.0.3
251 silly idealTree ├─┬ static-extend@0.1.2
251 silly idealTree │ └── define-property@0.2.5
251 silly idealTree ├── statuses@1.4.0
251 silly idealTree ├── stream-combiner@0.2.2
251 silly idealTree ├── string_decoder@1.1.1
251 silly idealTree ├── string-width@2.1.1
251 silly idealTree ├── strip-ansi@4.0.0
251 silly idealTree ├── strip-eof@1.0.0
251 silly idealTree ├── strip-json-comments@2.0.1
251 silly idealTree ├── supports-color@5.5.0
251 silly idealTree ├── table@4.0.3
251 silly idealTree ├── term-size@1.2.0
251 silly idealTree ├── text-table@0.2.0
251 silly idealTree ├── through@2.3.8
251 silly idealTree ├── timed-out@4.0.1
251 silly idealTree ├── tmp@0.0.33
251 silly idealTree ├─┬ to-object-path@0.3.0
251 silly idealTree │ └── kind-of@3.2.2
251 silly idealTree ├── to-regex-range@2.1.1
251 silly idealTree ├── to-regex@3.0.2
251 silly idealTree ├── touch@3.1.0
251 silly idealTree ├── tslib@1.9.3
251 silly idealTree ├── type-check@0.3.2
251 silly idealTree ├── type-is@1.6.16
251 silly idealTree ├── undefsafe@2.0.2
251 silly idealTree ├─┬ union-value@1.0.0
251 silly idealTree │ ├── extend-shallow@2.0.1
251 silly idealTree │ └── set-value@0.4.3
251 silly idealTree ├── unique-string@1.0.0
251 silly idealTree ├── unpipe@1.0.0
251 silly idealTree ├─┬ unset-value@1.0.0
251 silly idealTree │ ├─┬ has-value@0.3.1
251 silly idealTree │ │ └── isobject@2.1.0
251 silly idealTree │ └── has-values@0.1.4
251 silly idealTree ├── unzip-response@2.0.1
251 silly idealTree ├── upath@1.1.0
251 silly idealTree ├── update-notifier@2.5.0
251 silly idealTree ├── uri-js@4.2.2
251 silly idealTree ├── urix@0.1.0
251 silly idealTree ├── url-parse-lax@1.0.0
251 silly idealTree ├── use@3.1.1
251 silly idealTree ├── util-deprecate@1.0.2
251 silly idealTree ├── utils-merge@1.0.1
251 silly idealTree ├── vary@1.1.2
251 silly idealTree ├── which@1.3.1
251 silly idealTree ├── widest-line@2.0.0
251 silly idealTree ├── wordwrap@1.0.0
251 silly idealTree ├── wrappy@1.0.2
251 silly idealTree ├── write-file-atomic@2.3.0
251 silly idealTree ├── write@0.2.1
251 silly idealTree ├── xdg-basedir@3.0.0
251 silly idealTree └── yallist@2.1.2
252 silly generateActionsToTake Starting
253 silly install generateActionsToTake
254 warn checkPermissions Missing write access to /home/mw/lh/week2/day2/TinyApp/node_modules/bcrypt/node_modules
255 silly rollbackFailedOptional Starting
256 silly rollbackFailedOptional Finishing
257 silly runTopLevelLifecycles Starting
258 silly runTopLevelLifecycles Finishing
259 silly install printInstalled
260 warn optional Skipping failed optional dependency /chokidar/fsevents:
261 warn notsup Not compatible with your operating system or architecture: fsevents@1.2.4
262 warn tinyapp@1.0.0 No description
263 warn tinyapp@1.0.0 No repository field.
264 verbose stack Error: EACCES: permission denied, access '/home/mw/lh/week2/day2/TinyApp/node_modules/bcrypt/node_modules'
265 verbose cwd /home/mw/lh/week2/day2/TinyApp
266 error Linux 4.15.0-33-generic
267 error argv "/usr/bin/node" "/usr/bin/npm" "install" "cookie-session"
268 error node v8.10.0
269 error npm  v3.5.2
270 error path /home/mw/lh/week2/day2/TinyApp/node_modules/bcrypt/node_modules
271 error code EACCES
272 error errno -13
273 error syscall access
274 error Error: EACCES: permission denied, access '/home/mw/lh/week2/day2/TinyApp/node_modules/bcrypt/node_modules'
274 error  { Error: EACCES: permission denied, access '/home/mw/lh/week2/day2/TinyApp/node_modules/bcrypt/node_modules'
274 error   errno: -13,
274 error   code: 'EACCES',
274 error   syscall: 'access',
274 error   path: '/home/mw/lh/week2/day2/TinyApp/node_modules/bcrypt/node_modules' }
275 error Please try running this command again as root/Administrator.
276 verbose exit [ -13, true ]
